{"app":"tests-org","level":"info","message":"Executing startup script: sample-app-startup.js","timestamp":"2025-08-25T07:37:33.985Z"}
{"app":"tests-org","level":"info","message":"[CACHE SET] for script: sample-app-startup.js","timestamp":"2025-08-25T07:37:33.986Z"}
{"app":"tests-org","level":"info","message":"Yay! The startup script is executing. rnd string: COYXBWCtKg177ehv","timestamp":"2025-08-25T07:37:33.987Z"}
{"app":"tests-org","level":"info","message":"Executing startup script: sample-app-startup.js","timestamp":"2025-08-25T08:12:53.605Z"}
{"app":"tests-org","level":"info","message":"[CACHE SET] for script: sample-app-startup.js","timestamp":"2025-08-25T08:12:53.605Z"}
{"app":"tests-org","level":"info","message":"Yay! The startup script is executing. rnd string: hDjyVcN6f2F0DNjv","timestamp":"2025-08-25T08:12:53.606Z"}
{"app":"tests-org","level":"info","message":"Executing startup script: sample-app-startup.js","timestamp":"2025-08-25T08:14:43.338Z"}
{"app":"tests-org","level":"info","message":"[CACHE SET] for script: sample-app-startup.js","timestamp":"2025-08-25T08:14:43.338Z"}
{"app":"tests-org","level":"info","message":"Yay! The startup script is executing. rnd string: 4sg5rGvbtf3M176s","timestamp":"2025-08-25T08:14:43.339Z"}
{"app":"tests-org","level":"info","message":"Executing startup script: sample-app-startup.js","timestamp":"2025-08-25T08:22:08.532Z"}
{"app":"tests-org","level":"info","message":"[CACHE SET] for script: sample-app-startup.js","timestamp":"2025-08-25T08:22:08.533Z"}
{"app":"tests-org","level":"info","message":"Yay! The startup script is executing. rnd string: r8nyO2NR5B4hfdbc","timestamp":"2025-08-25T08:22:08.533Z"}
{"app":"tests-org","level":"info","message":"Executing startup script: sample-app-startup.js","timestamp":"2025-08-25T09:36:39.346Z"}
{"app":"tests-org","level":"info","message":"[CACHE SET] for script: sample-app-startup.js","timestamp":"2025-08-25T09:36:39.346Z"}
{"app":"tests-org","level":"info","message":"Yay! The startup script is executing. rnd string: tAVD5z5tuhvIXFmn","timestamp":"2025-08-25T09:36:39.347Z"}
{"app":"tests-org","level":"info","message":"Executing startup script: sample-app-startup.js","timestamp":"2025-08-25T10:00:41.186Z"}
{"app":"tests-org","level":"info","message":"[CACHE SET] for script: sample-app-startup.js","timestamp":"2025-08-25T10:00:41.186Z"}
{"app":"tests-org","level":"info","message":"Yay! The startup script is executing. rnd string: rY3AegzwLmvrvc1n","timestamp":"2025-08-25T10:00:41.187Z"}
{"app":"tests-org","level":"info","message":"Executing startup script: sample-app-startup.js","timestamp":"2025-08-25T10:05:59.320Z"}
{"app":"tests-org","level":"info","message":"[CACHE SET] for script: sample-app-startup.js","timestamp":"2025-08-25T10:05:59.321Z"}
{"app":"tests-org","level":"info","message":"Yay! The startup script is executing. rnd string: yy3ByqlahpVDIgab","timestamp":"2025-08-25T10:05:59.321Z"}
{"app":"tests-org","level":"info","message":"Executing startup script: sample-app-startup.js","timestamp":"2025-08-25T10:10:34.195Z"}
{"app":"tests-org","level":"info","message":"[CACHE SET] for script: sample-app-startup.js","timestamp":"2025-08-25T10:10:34.196Z"}
{"app":"tests-org","level":"info","message":"Yay! The startup script is executing. rnd string: jdAaRQJgfx857qxS","timestamp":"2025-08-25T10:10:34.196Z"}
{"app":"tests-org","level":"info","message":"Executing startup script: sample-app-startup.js","timestamp":"2025-08-25T11:10:39.881Z"}
{"app":"tests-org","level":"info","message":"[CACHE SET] for script: sample-app-startup.js","timestamp":"2025-08-25T11:10:39.882Z"}
{"app":"tests-org","level":"info","message":"Yay! The startup script is executing. rnd string: GR3bdcfcOvgp1SfD","timestamp":"2025-08-25T11:10:39.882Z"}
{"app":"tests-org","level":"info","message":"Executing startup script: sample-app-startup.js","timestamp":"2025-08-25T11:13:40.339Z"}
{"app":"tests-org","level":"info","message":"[CACHE SET] for script: sample-app-startup.js","timestamp":"2025-08-25T11:13:40.339Z"}
{"app":"tests-org","level":"info","message":"Yay! The startup script is executing. rnd string: ZodJv39UebdKd9AC","timestamp":"2025-08-25T11:13:40.340Z"}
{"app":"tests-org","level":"info","message":"Executing startup script: sample-app-startup.js","timestamp":"2025-08-25T14:06:33.538Z"}
{"app":"tests-org","level":"info","message":"[CACHE SET] for script: sample-app-startup.js","timestamp":"2025-08-25T14:06:33.539Z"}
{"app":"tests-org","level":"info","message":"Yay! The startup script is executing. rnd string: 1oz8oZOuUS1d11EZ","timestamp":"2025-08-25T14:06:33.539Z"}
{"app":"tests-org","level":"info","message":"Executing startup script: sample-app-startup.js","timestamp":"2025-08-25T14:10:49.821Z"}
{"app":"tests-org","level":"info","message":"[CACHE SET] for script: sample-app-startup.js","timestamp":"2025-08-25T14:10:49.821Z"}
{"app":"tests-org","level":"info","message":"Yay! The startup script is executing. rnd string: mI9oAmP5kWRDoHuw","timestamp":"2025-08-25T14:10:49.822Z"}
{"app":"tests-org","level":"info","message":"Executing startup script: sample-app-startup.js","timestamp":"2025-08-25T14:13:28.701Z"}
{"app":"tests-org","level":"info","message":"[CACHE SET] for script: sample-app-startup.js","timestamp":"2025-08-25T14:13:28.701Z"}
{"app":"tests-org","level":"info","message":"Yay! The startup script is executing. rnd string: yt8xceWLLvGbu9ia","timestamp":"2025-08-25T14:13:28.701Z"}
{"app":"tests-org","level":"info","message":"Executing startup script: sample-app-startup.js","timestamp":"2025-08-25T14:38:13.945Z"}
{"app":"tests-org","level":"info","message":"[CACHE SET] for script: sample-app-startup.js","timestamp":"2025-08-25T14:38:13.945Z"}
{"app":"tests-org","level":"info","message":"Yay! The startup script is executing. rnd string: Sl1gBa6dAWK1tQTP","timestamp":"2025-08-25T14:38:13.946Z"}
{"app":"tests-org","level":"info","message":"Executing startup script: sample-app-startup.js","timestamp":"2025-08-25T15:09:13.838Z"}
{"app":"tests-org","level":"info","message":"[CACHE SET] for script: sample-app-startup.js","timestamp":"2025-08-25T15:09:13.838Z"}
{"app":"tests-org","level":"info","message":"Yay! The startup script is executing. rnd string: 9KoEinGGn1NtOwlQ","timestamp":"2025-08-25T15:09:13.839Z"}
{"app":"tests-org","level":"info","message":"Executing startup script: sample-app-startup.js","timestamp":"2025-08-25T16:23:32.808Z"}
{"app":"tests-org","level":"info","message":"[CACHE SET] for script: sample-app-startup.js","timestamp":"2025-08-25T16:23:32.808Z"}
{"app":"tests-org","level":"info","message":"Yay! The startup script is executing. rnd string: ITiC6mozv2QgvmoW","timestamp":"2025-08-25T16:23:32.809Z"}
{"app":"tests-org","level":"info","message":"Executing startup script: sample-app-startup.js","timestamp":"2025-08-25T16:27:28.908Z"}
{"app":"tests-org","level":"info","message":"[CACHE SET] for script: sample-app-startup.js","timestamp":"2025-08-25T16:27:28.908Z"}
{"app":"tests-org","level":"info","message":"Yay! The startup script is executing. rnd string: ora2q78wybaWZDEN","timestamp":"2025-08-25T16:27:28.909Z"}
{"app":"tests-org","level":"info","message":"Executing startup script: sample-app-startup.js","timestamp":"2025-08-25T16:30:31.366Z"}
{"app":"tests-org","level":"info","message":"[CACHE SET] for script: sample-app-startup.js","timestamp":"2025-08-25T16:30:31.366Z"}
{"app":"tests-org","level":"info","message":"Yay! The startup script is executing. rnd string: 3DzX8U5KfELJns4C","timestamp":"2025-08-25T16:30:31.366Z"}
{"app":"tests-org","level":"info","message":"Executing startup script: sample-app-startup.js","timestamp":"2025-08-25T16:41:51.390Z"}
{"app":"tests-org","level":"info","message":"[CACHE SET] for script: sample-app-startup.js","timestamp":"2025-08-25T16:41:51.391Z"}
{"app":"tests-org","level":"info","message":"Yay! The startup script is executing. rnd string: 78NhNWTd6LhTAWsP","timestamp":"2025-08-25T16:41:51.391Z"}
