{"app":"tests","level":"info","message":"Executing startup script: sample-app-startup.js","timestamp":"2025-08-22T10:35:50.636Z"}
{"app":"tests","level":"info","message":"[CACHE SET] for script: sample-app-startup.js","timestamp":"2025-08-22T10:35:50.637Z"}
{"app":"tests","level":"error","message":"Error in ginger middleware: $g.log is not a function in app undefined","stack":"TypeError: $g.log is not a function\n    at eval (eval at runInGBox (E:\\projects\\gingerjs\\modules\\gbox.js:136:25), <anonymous>:5:12)\n    at ginger (E:\\projects\\gingerjs\\modules\\ginger.js:484:23)\n    at module.exports (eval at runInGBox (E:\\projects\\gingerjs\\modules\\gbox.js:136:25), <anonymous>:4:5)\n    at E:\\projects\\gingerjs\\modules\\gapp_start.js:49:27\n    at AsyncLocalStorage.run (node:internal/async_local_storage/async_hooks:91:14)\n    at runStartupScripts (E:\\projects\\gingerjs\\modules\\gapp_start.js:34:23)\n    at E:\\projects\\gingerjs\\ginger.js:207:19\n    at AsyncLocalStorage.run (node:internal/async_local_storage/async_hooks:91:14)\n    at E:\\projects\\gingerjs\\ginger.js:206:21\n    at Array.forEach (<anonymous>)","timestamp":"2025-08-22T10:35:50.638Z"}
{"app":"tests","level":"info","message":"Executing startup script: sample-app-startup.js","timestamp":"2025-08-22T10:42:30.549Z"}
{"app":"tests","level":"info","message":"[CACHE SET] for script: sample-app-startup.js","timestamp":"2025-08-22T10:42:30.550Z"}
{"app":"tests","level":"info","message":"Yay! The startup script is executing.","timestamp":"2025-08-22T10:42:30.551Z"}
{"app":"tests","level":"info","message":"Executing startup script: sample-app-startup.js","timestamp":"2025-08-22T10:44:19.908Z"}
{"app":"tests","level":"info","message":"[CACHE SET] for script: sample-app-startup.js","timestamp":"2025-08-22T10:44:19.910Z"}
{"app":"tests","level":"info","message":"Yay! The startup script is executing. rnd string: ag9xjiTeCLXSMbtt","timestamp":"2025-08-22T10:44:19.943Z"}
{"app":"tests","level":"info","message":"Executing startup script: sample-app-startup.js","timestamp":"2025-08-22T10:45:48.867Z"}
{"app":"tests","level":"info","message":"[CACHE SET] for script: sample-app-startup.js","timestamp":"2025-08-22T10:45:48.868Z"}
{"app":"tests","level":"error","message":"Error in ginger middleware: __dirname is not defined in app undefined","stack":"ReferenceError: __dirname is not defined\n    at eval (eval at runInGBox (E:\\projects\\gingerjs\\modules\\gbox.js:136:25), <anonymous>:5:34)\n    at ginger (E:\\projects\\gingerjs\\modules\\ginger.js:484:23)\n    at module.exports (eval at runInGBox (E:\\projects\\gingerjs\\modules\\gbox.js:136:25), <anonymous>:4:11)\n    at E:\\projects\\gingerjs\\modules\\gapp_start.js:49:27\n    at AsyncLocalStorage.run (node:internal/async_local_storage/async_hooks:91:14)\n    at runStartupScripts (E:\\projects\\gingerjs\\modules\\gapp_start.js:34:23)\n    at E:\\projects\\gingerjs\\ginger.js:207:19\n    at AsyncLocalStorage.run (node:internal/async_local_storage/async_hooks:91:14)\n    at E:\\projects\\gingerjs\\ginger.js:206:21\n    at Array.forEach (<anonymous>)","timestamp":"2025-08-22T10:45:48.869Z"}
{"app":"tests","level":"info","message":"Executing startup script: sample-app-startup.js","timestamp":"2025-08-22T10:48:32.831Z"}
{"app":"tests","level":"info","message":"[CACHE SET] for script: sample-app-startup.js","timestamp":"2025-08-22T10:48:32.832Z"}
{"app":"tests","level":"error","message":"Error in ginger middleware: Cannot read properties of undefined (reading 'config') in app tests","stack":"TypeError: Cannot read properties of undefined (reading 'config')\n    at ginger (E:\\projects\\gingerjs\\modules\\ginger.js:84:33)\n    at module.exports (eval at runInGBox (E:\\projects\\gingerjs\\modules\\gbox.js:136:25), <anonymous>:4:11)\n    at E:\\projects\\gingerjs\\modules\\gapp_start.js:49:27\n    at AsyncLocalStorage.run (node:internal/async_local_storage/async_hooks:91:14)\n    at runStartupScripts (E:\\projects\\gingerjs\\modules\\gapp_start.js:34:23)\n    at E:\\projects\\gingerjs\\ginger.js:207:19\n    at AsyncLocalStorage.run (node:internal/async_local_storage/async_hooks:91:14)\n    at E:\\projects\\gingerjs\\ginger.js:206:21\n    at Array.forEach (<anonymous>)\n    at E:\\projects\\gingerjs\\ginger.js:132:33","timestamp":"2025-08-22T10:48:32.834Z"}
{"app":"tests","level":"info","message":"Executing startup script: sample-app-startup.js","timestamp":"2025-08-22T10:50:03.968Z"}
{"app":"tests","level":"info","message":"[CACHE SET] for script: sample-app-startup.js","timestamp":"2025-08-22T10:50:03.969Z"}
{"app":"tests","level":"error","message":"Error in ginger middleware: Cannot read properties of undefined (reading 'config') in app tests found in script sample-app-startup.js","stack":"TypeError: Cannot read properties of undefined (reading 'config')\n    at ginger (E:\\projects\\gingerjs\\modules\\ginger.js:84:33)\n    at module.exports (eval at runInGBox (E:\\projects\\gingerjs\\modules\\gbox.js:136:25), <anonymous>:4:11)\n    at E:\\projects\\gingerjs\\modules\\gapp_start.js:49:27\n    at AsyncLocalStorage.run (node:internal/async_local_storage/async_hooks:91:14)\n    at runStartupScripts (E:\\projects\\gingerjs\\modules\\gapp_start.js:34:23)\n    at E:\\projects\\gingerjs\\ginger.js:207:19\n    at AsyncLocalStorage.run (node:internal/async_local_storage/async_hooks:91:14)\n    at E:\\projects\\gingerjs\\ginger.js:206:21\n    at Array.forEach (<anonymous>)\n    at E:\\projects\\gingerjs\\ginger.js:132:33","timestamp":"2025-08-22T10:50:03.971Z"}
{"app":"tests","level":"info","message":"Executing startup script: sample-app-startup.js","timestamp":"2025-08-22T10:53:24.869Z"}
{"app":"tests","level":"info","message":"[CACHE SET] for script: sample-app-startup.js","timestamp":"2025-08-22T10:53:24.870Z"}
{"app":"tests","level":"error","message":"Error in ginger middleware: Cannot read properties of undefined (reading 'config') in app tests found in script sample-app-startup.js","stack":"TypeError: Cannot read properties of undefined (reading 'config')\n    at ginger (E:\\projects\\gingerjs\\modules\\ginger.js:84:33)\n    at module.exports (eval at runInGBox (E:\\projects\\gingerjs\\modules\\gbox.js:136:25), <anonymous>:4:11)\n    at E:\\projects\\gingerjs\\modules\\gapp_start.js:49:27\n    at AsyncLocalStorage.run (node:internal/async_local_storage/async_hooks:91:14)\n    at runStartupScripts (E:\\projects\\gingerjs\\modules\\gapp_start.js:34:23)\n    at E:\\projects\\gingerjs\\ginger.js:207:19\n    at AsyncLocalStorage.run (node:internal/async_local_storage/async_hooks:91:14)\n    at E:\\projects\\gingerjs\\ginger.js:206:21\n    at Array.forEach (<anonymous>)\n    at E:\\projects\\gingerjs\\ginger.js:132:33","timestamp":"2025-08-22T10:53:24.872Z"}
{"app":"tests","level":"info","message":"Executing simple test script","timestamp":"2025-08-22T10:53:30.580Z"}
{"app":"tests","level":"info","message":"Response sent by: simple.js","timestamp":"2025-08-22T10:53:30.581Z"}
{"app":"tests","level":"info","message":"Response sent by: list.js","timestamp":"2025-08-22T10:53:34.046Z"}
{"app":"tests","level":"info","message":"Response sent by: get.js","timestamp":"2025-08-22T10:53:37.394Z"}
{"app":"tests","level":"info","message":"Response sent by: get.js","timestamp":"2025-08-22T10:53:40.606Z"}
{"app":"tests","level":"info","message":"Response sent by: cache.js","timestamp":"2025-08-22T10:53:44.985Z"}
{"app":"tests","level":"info","message":"Response sent by: dashboard.js","timestamp":"2025-08-22T10:53:49.710Z"}
{"app":"tests","level":"info","message":"Response sent by: pdf.js","timestamp":"2025-08-22T10:53:53.602Z"}
{"app":"tests","level":"info","message":"Response sent by: pdf-custom-font.js","timestamp":"2025-08-22T10:53:57.427Z"}
{"app":"tests","level":"info","message":"Response sent by: chart.js","timestamp":"2025-08-22T10:54:01.643Z"}
{"app":"tests","level":"info","message":"Response sent by: test-sandbox.js","timestamp":"2025-08-22T10:54:05.435Z"}
{"app":"tests","level":"info","message":"Response sent by: platform.js","timestamp":"2025-08-22T10:54:09.291Z"}
{"app":"tests","level":"info","message":"Response sent by: rnd.js","timestamp":"2025-08-22T10:54:38.768Z"}
{"app":"tests","level":"info","message":"Response sent by: utils.js","timestamp":"2025-08-22T10:54:42.364Z"}
{"app":"tests","level":"info","message":"Response sent by: uuid.js","timestamp":"2025-08-22T10:56:03.990Z"}
{"app":"tests","level":"info","message":"Response sent by: zip.js","timestamp":"2025-08-22T10:56:07.493Z"}
{"app":"tests","level":"info","message":"Response sent by: qrcode.js","timestamp":"2025-08-22T10:56:11.102Z"}
{"app":"tests","level":"info","message":"Response sent by: image.js","timestamp":"2025-08-22T10:56:14.705Z"}
{"app":"tests","level":"error","message":"Postgres: transaction error duplicate key value violates unique constraint \"Test_pkey\"","stack":"error: duplicate key value violates unique constraint \"Test_pkey\"\n    at E:\\projects\\gingerjs\\node_modules\\pg\\lib\\client.js:545:17\n    at process.processTicksAndRejections (node:internal/process/task_queues:105:5)\n    at async Object.execute (E:\\projects\\gingerjs\\modules\\dbproviders\\postgres.js:65:50)\n    at async eval (eval at runInGBox (E:\\projects\\gingerjs\\modules\\gbox.js:136:25), <anonymous>:159:17)\n    at async PostgresAdapter.transaction (E:\\projects\\gingerjs\\modules\\dbproviders\\postgres.js:67:28)\n    at async eval (eval at runInGBox (E:\\projects\\gingerjs\\modules\\gbox.js:136:25), <anonymous>:153:13)\n    at async ginger (E:\\projects\\gingerjs\\modules\\ginger.js:203:21)","timestamp":"2025-08-22T10:56:27.627Z"}
{"app":"tests","level":"info","message":"Response sent by: db-postgres.js","timestamp":"2025-08-22T10:56:27.628Z"}
{"app":"tests","level":"error","message":"SQLite: transaction error Transaction function cannot return a promise","stack":"TypeError: Transaction function cannot return a promise\n    at sqliteTransaction (E:\\projects\\gingerjs\\node_modules\\better-sqlite3\\lib\\methods\\transaction.js:67:10)\n    at SqliteAdapter.transaction (E:\\projects\\gingerjs\\modules\\dbproviders\\sqlite.js:101:20)\n    at Object.transaction (E:\\projects\\gingerjs\\modules\\db.js:186:32)\n    at eval (eval at runInGBox (E:\\projects\\gingerjs\\modules\\gbox.js:136:25), <anonymous>:101:22)\n    at process.processTicksAndRejections (node:internal/process/task_queues:105:5)\n    at async ginger (E:\\projects\\gingerjs\\modules\\ginger.js:203:21)","timestamp":"2025-08-22T10:56:31.240Z"}
{"app":"tests","level":"info","message":"Response sent by: db-sqlite.js","timestamp":"2025-08-22T10:56:31.244Z"}
{"app":"tests","level":"info","message":"Response sent by: jwt.js","timestamp":"2025-08-22T10:56:37.420Z"}
{"app":"tests","level":"info","message":"Response sent by: httpclient.js","timestamp":"2025-08-22T10:56:44.487Z"}
{"app":"tests","level":"info","message":"Response sent by: html.js","timestamp":"2025-08-22T10:56:51.247Z"}
{"app":"tests","level":"info","message":"Response sent by: appcfg.js","timestamp":"2025-08-22T10:56:55.466Z"}
{"app":"tests","level":"info","message":"Response sent by: externallibcall.js","timestamp":"2025-08-22T10:57:00.034Z"}
{"app":"tests","level":"info","message":"Response sent by: encode.js","timestamp":"2025-08-22T10:57:03.548Z"}
{"app":"tests","level":"info","message":"Response sent by: crypto.js","timestamp":"2025-08-22T10:57:07.955Z"}
{"app":"tests","level":"info","message":"Response sent by: binary-resp.js","timestamp":"2025-08-22T10:57:14.167Z"}
{"app":"tests","level":"info","message":"Response sent by: fileio.js","timestamp":"2025-08-22T10:57:18.782Z"}
{"app":"tests","level":"info","message":"Response sent by: folderio.js","timestamp":"2025-08-22T10:57:22.170Z"}
{"app":"tests","level":"info","message":"Response sent by: lib-call.js","timestamp":"2025-08-22T10:57:25.290Z"}
{"app":"tests","level":"info","message":"Response sent by: app-include.js","timestamp":"2025-08-22T10:57:28.222Z"}
{"app":"tests","level":"info","message":"Body already processed, skipping for post-json.js","timestamp":"2025-08-22T10:57:31.496Z"}
{"app":"tests","level":"info","message":"Response sent by: post-json.js","timestamp":"2025-08-22T10:57:31.496Z"}
{"app":"tests","level":"info","message":"Response sent by: post-multipart.js","timestamp":"2025-08-22T10:57:35.084Z"}
{"app":"tests","level":"info","message":"Body already processed, skipping for post-multipart.js","timestamp":"2025-08-22T10:57:35.085Z"}
{"app":"tests","level":"info","message":"Response sent by: get-query-params.js","timestamp":"2025-08-22T10:57:38.391Z"}
{"app":"tests","level":"info","message":"Body already processed, skipping for post-form-url-encoded.js","timestamp":"2025-08-22T10:57:44.425Z"}
{"app":"tests","level":"info","message":"Response sent by: post-form-url-encoded.js","timestamp":"2025-08-22T10:57:44.425Z"}
{"app":"tests","level":"info","message":"Response sent by: post-form-url-encoded.js","timestamp":"2025-08-22T10:57:47.785Z"}
{"app":"tests","level":"info","message":"Body already processed, skipping for post-misc-body.js","timestamp":"2025-08-22T10:57:51.560Z"}
{"app":"tests","level":"info","message":"Response sent by: post-misc-body.js","timestamp":"2025-08-22T10:57:51.561Z"}
{"app":"tests","level":"info","message":"Response sent by: jsonresp.js","timestamp":"2025-08-22T10:57:55.360Z"}
{"app":"tests","level":"info","message":"Executing startup script: sample-app-startup.js","timestamp":"2025-08-22T11:15:13.281Z"}
{"app":"tests","level":"info","message":"[CACHE SET] for script: sample-app-startup.js","timestamp":"2025-08-22T11:15:13.281Z"}
{"app":"tests","level":"error","message":"Error in ginger middleware: Cannot read properties of undefined (reading 'config') in app tests found in script sample-app-startup.js","stack":"TypeError: Cannot read properties of undefined (reading 'config')\n    at ginger (E:\\projects\\gingerjs\\modules\\ginger.js:84:33)\n    at module.exports (eval at runInGBox (E:\\projects\\gingerjs\\modules\\gbox.js:136:25), <anonymous>:4:11)\n    at E:\\projects\\gingerjs\\modules\\gapp_start.js:49:27\n    at AsyncLocalStorage.run (node:internal/async_local_storage/async_hooks:91:14)\n    at runStartupScripts (E:\\projects\\gingerjs\\modules\\gapp_start.js:34:23)\n    at E:\\projects\\gingerjs\\ginger.js:207:19\n    at AsyncLocalStorage.run (node:internal/async_local_storage/async_hooks:91:14)\n    at E:\\projects\\gingerjs\\ginger.js:206:21\n    at Array.forEach (<anonymous>)\n    at E:\\projects\\gingerjs\\ginger.js:132:33","timestamp":"2025-08-22T11:15:13.283Z"}
{"app":"tests","level":"info","message":"Executing simple test script","timestamp":"2025-08-22T11:15:13.407Z"}
{"app":"tests","level":"info","message":"Response sent by: simple.js","timestamp":"2025-08-22T11:15:13.407Z"}
{"app":"tests","level":"info","message":"Response sent by: get.js","timestamp":"2025-08-22T11:15:13.414Z"}
{"app":"tests","level":"info","message":"Executing startup script: sample-app-startup.js","timestamp":"2025-08-22T11:21:09.191Z"}
{"app":"tests","level":"info","message":"[CACHE SET] for script: sample-app-startup.js","timestamp":"2025-08-22T11:21:09.191Z"}
{"app":"tests","level":"error","message":"Error in ginger middleware: Cannot read properties of undefined (reading 'config') in app tests found in script sample-app-startup.js","stack":"TypeError: Cannot read properties of undefined (reading 'config')\n    at ginger (E:\\projects\\gingerjs\\modules\\ginger.js:84:33)\n    at module.exports (eval at runInGBox (E:\\projects\\gingerjs\\modules\\gbox.js:136:25), <anonymous>:4:11)\n    at E:\\projects\\gingerjs\\modules\\gapp_start.js:49:27\n    at AsyncLocalStorage.run (node:internal/async_local_storage/async_hooks:91:14)\n    at runStartupScripts (E:\\projects\\gingerjs\\modules\\gapp_start.js:34:23)\n    at E:\\projects\\gingerjs\\ginger.js:207:19\n    at AsyncLocalStorage.run (node:internal/async_local_storage/async_hooks:91:14)\n    at E:\\projects\\gingerjs\\ginger.js:206:21\n    at Array.forEach (<anonymous>)\n    at E:\\projects\\gingerjs\\ginger.js:132:33","timestamp":"2025-08-22T11:21:09.193Z"}
{"app":"tests","level":"info","message":"Executing simple test script","timestamp":"2025-08-22T11:21:09.248Z"}
{"app":"tests","level":"info","message":"Response sent by: simple.js","timestamp":"2025-08-22T11:21:09.248Z"}
{"app":"tests","level":"info","message":"Response sent by: get.js","timestamp":"2025-08-22T11:21:09.254Z"}
{"app":"tests","level":"info","message":"Executing startup script: sample-app-startup.js","timestamp":"2025-08-22T11:48:54.830Z"}
{"app":"tests","level":"info","message":"[CACHE SET] for script: sample-app-startup.js","timestamp":"2025-08-22T11:48:54.831Z"}
{"app":"tests","level":"error","message":"Error in ginger middleware: Cannot read properties of undefined (reading 'config') in app tests found in script sample-app-startup.js","stack":"TypeError: Cannot read properties of undefined (reading 'config')\n    at ginger (E:\\projects\\gingerjs\\modules\\ginger.js:84:33)\n    at module.exports (eval at runInGBox (E:\\projects\\gingerjs\\modules\\gbox.js:136:25), <anonymous>:4:11)\n    at E:\\projects\\gingerjs\\modules\\gapp_start.js:49:27\n    at AsyncLocalStorage.run (node:internal/async_local_storage/async_hooks:91:14)\n    at runStartupScripts (E:\\projects\\gingerjs\\modules\\gapp_start.js:34:23)\n    at E:\\projects\\gingerjs\\ginger.js:207:19\n    at AsyncLocalStorage.run (node:internal/async_local_storage/async_hooks:91:14)\n    at E:\\projects\\gingerjs\\ginger.js:206:21\n    at Array.forEach (<anonymous>)\n    at E:\\projects\\gingerjs\\ginger.js:132:33","timestamp":"2025-08-22T11:48:54.833Z"}
{"app":"tests","level":"info","message":"Executing startup script: sample-app-startup.js","timestamp":"2025-08-22T11:52:12.559Z"}
{"app":"tests","level":"info","message":"[CACHE SET] for script: sample-app-startup.js","timestamp":"2025-08-22T11:52:12.560Z"}
{"app":"tests","level":"error","message":"Error in ginger middleware: Cannot read properties of undefined (reading 'config') in app tests found in script sample-app-startup.js","stack":"TypeError: Cannot read properties of undefined (reading 'config')\n    at ginger (E:\\projects\\gingerjs\\modules\\ginger.js:84:33)\n    at module.exports (eval at runInGBox (E:\\projects\\gingerjs\\modules\\gbox.js:136:25), <anonymous>:4:11)\n    at E:\\projects\\gingerjs\\modules\\gapp_start.js:49:27\n    at AsyncLocalStorage.run (node:internal/async_local_storage/async_hooks:91:14)\n    at runStartupScripts (E:\\projects\\gingerjs\\modules\\gapp_start.js:34:23)\n    at E:\\projects\\gingerjs\\ginger.js:207:19\n    at AsyncLocalStorage.run (node:internal/async_local_storage/async_hooks:91:14)\n    at E:\\projects\\gingerjs\\ginger.js:206:21\n    at Array.forEach (<anonymous>)\n    at E:\\projects\\gingerjs\\ginger.js:132:33","timestamp":"2025-08-22T11:52:12.561Z"}
{"app":"tests","level":"info","message":"Executing startup script: sample-app-startup.js","timestamp":"2025-08-22T11:56:52.500Z"}
{"app":"tests","level":"info","message":"[CACHE SET] for script: sample-app-startup.js","timestamp":"2025-08-22T11:56:52.501Z"}
{"app":"tests","level":"error","message":"Error in ginger middleware: Cannot read properties of undefined (reading 'config') in app tests found in script sample-app-startup.js","stack":"TypeError: Cannot read properties of undefined (reading 'config')\n    at ginger (E:\\projects\\gingerjs\\modules\\ginger.js:84:33)\n    at module.exports (eval at runInGBox (E:\\projects\\gingerjs\\modules\\gbox.js:136:25), <anonymous>:4:11)\n    at E:\\projects\\gingerjs\\modules\\gapp_start.js:49:27\n    at AsyncLocalStorage.run (node:internal/async_local_storage/async_hooks:91:14)\n    at runStartupScripts (E:\\projects\\gingerjs\\modules\\gapp_start.js:34:23)\n    at E:\\projects\\gingerjs\\ginger.js:207:19\n    at AsyncLocalStorage.run (node:internal/async_local_storage/async_hooks:91:14)\n    at E:\\projects\\gingerjs\\ginger.js:206:21\n    at Array.forEach (<anonymous>)\n    at E:\\projects\\gingerjs\\ginger.js:132:33","timestamp":"2025-08-22T11:56:52.503Z"}
{"app":"tests","level":"info","message":"Executing startup script: sample-app-startup.js","timestamp":"2025-08-22T11:59:02.511Z"}
{"app":"tests","level":"info","message":"[CACHE SET] for script: sample-app-startup.js","timestamp":"2025-08-22T11:59:02.512Z"}
{"app":"tests","level":"error","message":"Error in ginger middleware: Cannot read properties of undefined (reading 'config') in app tests found in script sample-app-startup.js","stack":"TypeError: Cannot read properties of undefined (reading 'config')\n    at ginger (E:\\projects\\gingerjs\\modules\\ginger.js:84:33)\n    at module.exports (eval at runInGBox (E:\\projects\\gingerjs\\modules\\gbox.js:136:25), <anonymous>:4:11)\n    at E:\\projects\\gingerjs\\modules\\gapp_start.js:49:27\n    at AsyncLocalStorage.run (node:internal/async_local_storage/async_hooks:91:14)\n    at runStartupScripts (E:\\projects\\gingerjs\\modules\\gapp_start.js:34:23)\n    at E:\\projects\\gingerjs\\ginger.js:207:19\n    at AsyncLocalStorage.run (node:internal/async_local_storage/async_hooks:91:14)\n    at E:\\projects\\gingerjs\\ginger.js:206:21\n    at Array.forEach (<anonymous>)\n    at E:\\projects\\gingerjs\\ginger.js:132:33","timestamp":"2025-08-22T11:59:02.514Z"}
{"app":"tests","level":"info","message":"Executing startup script: sample-app-startup.js","timestamp":"2025-08-22T12:06:41.102Z"}
{"app":"tests","level":"info","message":"[CACHE SET] for script: sample-app-startup.js","timestamp":"2025-08-22T12:06:41.103Z"}
{"app":"tests","level":"error","message":"Error in ginger middleware: Cannot read properties of undefined (reading 'config') in app tests found in script sample-app-startup.js","stack":"TypeError: Cannot read properties of undefined (reading 'config')\n    at ginger (E:\\projects\\gingerjs\\modules\\ginger.js:84:33)\n    at module.exports (eval at runInGBox (E:\\projects\\gingerjs\\modules\\gbox.js:136:25), <anonymous>:4:11)\n    at E:\\projects\\gingerjs\\modules\\gapp_start.js:49:27\n    at AsyncLocalStorage.run (node:internal/async_local_storage/async_hooks:91:14)\n    at runStartupScripts (E:\\projects\\gingerjs\\modules\\gapp_start.js:34:23)\n    at E:\\projects\\gingerjs\\ginger.js:207:19\n    at AsyncLocalStorage.run (node:internal/async_local_storage/async_hooks:91:14)\n    at E:\\projects\\gingerjs\\ginger.js:206:21\n    at Array.forEach (<anonymous>)\n    at E:\\projects\\gingerjs\\ginger.js:132:33","timestamp":"2025-08-22T12:06:41.105Z"}
{"app":"tests","level":"info","message":"Response sent by: jsonresp.js","timestamp":"2025-08-22T12:09:24.446Z"}
{"app":"tests","level":"info","message":"Executing startup script: sample-app-startup.js","timestamp":"2025-08-22T12:11:19.996Z"}
{"app":"tests","level":"info","message":"[CACHE SET] for script: sample-app-startup.js","timestamp":"2025-08-22T12:11:19.996Z"}
{"app":"tests","level":"error","message":"Error in ginger middleware: Cannot read properties of undefined (reading 'config') in app tests found in script sample-app-startup.js","stack":"TypeError: Cannot read properties of undefined (reading 'config')\n    at ginger (E:\\projects\\gingerjs\\modules\\ginger.js:84:33)\n    at module.exports (eval at runInGBox (E:\\projects\\gingerjs\\modules\\gbox.js:136:25), <anonymous>:4:11)\n    at E:\\projects\\gingerjs\\modules\\gapp_start.js:49:27\n    at AsyncLocalStorage.run (node:internal/async_local_storage/async_hooks:91:14)\n    at runStartupScripts (E:\\projects\\gingerjs\\modules\\gapp_start.js:34:23)\n    at E:\\projects\\gingerjs\\ginger.js:207:19\n    at AsyncLocalStorage.run (node:internal/async_local_storage/async_hooks:91:14)\n    at E:\\projects\\gingerjs\\ginger.js:206:21\n    at Array.forEach (<anonymous>)\n    at E:\\projects\\gingerjs\\ginger.js:132:33","timestamp":"2025-08-22T12:11:19.997Z"}
{"app":"tests","level":"info","message":"Executing startup script: sample-app-startup.js","timestamp":"2025-08-22T12:15:09.408Z"}
{"app":"tests","level":"info","message":"[CACHE SET] for script: sample-app-startup.js","timestamp":"2025-08-22T12:15:09.409Z"}
{"app":"tests","level":"error","message":"Error in ginger middleware: Cannot read properties of undefined (reading 'config') in app tests found in script sample-app-startup.js","stack":"TypeError: Cannot read properties of undefined (reading 'config')\n    at ginger (E:\\projects\\gingerjs\\modules\\ginger.js:84:33)\n    at module.exports (eval at runInGBox (E:\\projects\\gingerjs\\modules\\gbox.js:136:25), <anonymous>:4:11)\n    at E:\\projects\\gingerjs\\modules\\gapp_start.js:49:27\n    at AsyncLocalStorage.run (node:internal/async_local_storage/async_hooks:91:14)\n    at runStartupScripts (E:\\projects\\gingerjs\\modules\\gapp_start.js:34:23)\n    at E:\\projects\\gingerjs\\ginger.js:207:19\n    at AsyncLocalStorage.run (node:internal/async_local_storage/async_hooks:91:14)\n    at E:\\projects\\gingerjs\\ginger.js:206:21\n    at Array.forEach (<anonymous>)\n    at E:\\projects\\gingerjs\\ginger.js:132:33","timestamp":"2025-08-22T12:15:09.410Z"}
{"app":"tests","level":"info","message":"Executing startup script: sample-app-startup.js","timestamp":"2025-08-22T12:25:21.209Z"}
{"app":"tests","level":"info","message":"[CACHE SET] for script: sample-app-startup.js","timestamp":"2025-08-22T12:25:21.209Z"}
{"app":"tests","level":"info","message":"Yay! The startup script is executing. rnd string: eOxnybWRAzzzY9h5","timestamp":"2025-08-22T12:25:21.226Z"}
{"app":"tests","level":"info","message":"Executing startup script: sample-app-startup.js","timestamp":"2025-08-22T12:26:53.202Z"}
{"app":"tests","level":"info","message":"[CACHE SET] for script: sample-app-startup.js","timestamp":"2025-08-22T12:26:53.203Z"}
{"app":"tests","level":"info","message":"Yay! The startup script is executing. rnd string: 9YsRUAL7tj097Nzj","timestamp":"2025-08-22T12:26:53.213Z"}
{"app":"tests","level":"info","message":"Executing startup script: sample-app-startup.js","timestamp":"2025-08-22T12:27:07.541Z"}
{"app":"tests","level":"info","message":"[CACHE SET] for script: sample-app-startup.js","timestamp":"2025-08-22T12:27:07.543Z"}
{"app":"tests","level":"info","message":"Yay! The startup script is executing. rnd string: iLLeXAygFSoRDu8O","timestamp":"2025-08-22T12:27:07.552Z"}
{"app":"tests","level":"info","message":"Executing startup script: sample-app-startup.js","timestamp":"2025-08-22T12:31:38.868Z"}
{"app":"tests","level":"info","message":"[CACHE SET] for script: sample-app-startup.js","timestamp":"2025-08-22T12:31:38.868Z"}
{"app":"tests","level":"info","message":"Yay! The startup script is executing. rnd string: N7rXUT09guISBAWa","timestamp":"2025-08-22T12:31:38.878Z"}
{"app":"tests","level":"info","message":"Executing startup script: sample-app-startup.js","timestamp":"2025-08-22T12:39:57.432Z"}
{"app":"tests","level":"info","message":"Executing startup script: sample-app-startup.js","timestamp":"2025-08-22T12:41:25.339Z"}
{"app":"tests","level":"info","message":"[CACHE SET] for script: sample-app-startup.js","timestamp":"2025-08-22T12:41:25.340Z"}
{"app":"tests","level":"info","message":"Yay! The startup script is executing. rnd string: xku9IijEdgQpDd9V","timestamp":"2025-08-22T12:41:25.397Z"}
{"app":"tests","level":"info","message":"Executing startup script: sample-app-startup.js","timestamp":"2025-08-22T12:42:48.808Z"}
{"app":"tests","level":"info","message":"[CACHE SET] for script: sample-app-startup.js","timestamp":"2025-08-22T12:42:48.809Z"}
{"app":"tests","level":"info","message":"Yay! The startup script is executing. rnd string: BvczOlku6VmJCkvW","timestamp":"2025-08-22T12:42:48.819Z"}
{"app":"tests","level":"info","message":"Executing startup script: sample-app-startup.js","timestamp":"2025-08-22T12:44:44.811Z"}
{"app":"tests","level":"info","message":"[CACHE SET] for script: sample-app-startup.js","timestamp":"2025-08-22T12:44:44.812Z"}
{"app":"tests","level":"info","message":"Yay! The startup script is executing. rnd string: DMyxiTWS2ypyMx1L","timestamp":"2025-08-22T12:44:44.824Z"}
{"app":"tests","level":"info","message":"Executing startup script: sample-app-startup.js","timestamp":"2025-08-22T12:59:41.810Z"}
{"app":"tests","level":"info","message":"[CACHE SET] for script: sample-app-startup.js","timestamp":"2025-08-22T12:59:41.811Z"}
{"app":"tests","level":"info","message":"Yay! The startup script is executing. rnd string: 1h7TS4fF3JXA3hKV","timestamp":"2025-08-22T12:59:41.823Z"}
{"app":"tests","level":"info","message":"Executing startup script: sample-app-startup.js","timestamp":"2025-08-22T13:03:40.713Z"}
{"app":"tests","level":"info","message":"[CACHE SET] for script: sample-app-startup.js","timestamp":"2025-08-22T13:03:40.715Z"}
{"app":"tests","level":"info","message":"Yay! The startup script is executing. rnd string: DVgKHdTTLbxdJqud","timestamp":"2025-08-22T13:03:40.727Z"}
{"app":"tests","level":"info","message":"Executing startup script: sample-app-startup.js","timestamp":"2025-08-22T13:04:45.375Z"}
{"app":"tests","level":"info","message":"[CACHE SET] for script: sample-app-startup.js","timestamp":"2025-08-22T13:04:45.376Z"}
{"app":"tests","level":"info","message":"Yay! The startup script is executing. rnd string: k6VNXlxGxO7CMSfq","timestamp":"2025-08-22T13:04:45.385Z"}
{"app":"tests","level":"info","message":"Executing startup script: sample-app-startup.js","timestamp":"2025-08-22T13:05:14.098Z"}
{"app":"tests","level":"info","message":"[CACHE SET] for script: sample-app-startup.js","timestamp":"2025-08-22T13:05:14.099Z"}
{"app":"tests","level":"info","message":"Yay! The startup script is executing. rnd string: x6PyExfzYwPJaiu0","timestamp":"2025-08-22T13:05:14.108Z"}
{"app":"tests","level":"info","message":"Executing startup script: sample-app-startup.js","timestamp":"2025-08-22T13:10:24.262Z"}
{"app":"tests","level":"info","message":"[CACHE SET] for script: sample-app-startup.js","timestamp":"2025-08-22T13:10:24.264Z"}
{"app":"tests","level":"info","message":"Yay! The startup script is executing. rnd string: wxm96P3fHLN0u1Bz","timestamp":"2025-08-22T13:10:24.274Z"}
{"app":"tests","level":"info","message":"Executing startup script: sample-app-startup.js","timestamp":"2025-08-22T13:14:09.819Z"}
{"app":"tests","level":"info","message":"[CACHE SET] for script: sample-app-startup.js","timestamp":"2025-08-22T13:14:09.820Z"}
{"app":"tests","level":"info","message":"Yay! The startup script is executing. rnd string: r6Bu7GLlLJZltDfX","timestamp":"2025-08-22T13:14:09.829Z"}
{"app":"tests","level":"info","message":"Executing startup script: sample-app-startup.js","timestamp":"2025-08-22T13:23:38.604Z"}
{"app":"tests","level":"info","message":"[CACHE SET] for script: sample-app-startup.js","timestamp":"2025-08-22T13:23:38.604Z"}
{"app":"tests","level":"info","message":"Yay! The startup script is executing. rnd string: JgcQl3aj2Gj5BSdv","timestamp":"2025-08-22T13:23:38.613Z"}
{"app":"tests","level":"info","message":"Executing startup script: sample-app-startup.js","timestamp":"2025-08-22T13:36:18.642Z"}
{"app":"tests","level":"info","message":"[CACHE SET] for script: sample-app-startup.js","timestamp":"2025-08-22T13:36:18.643Z"}
{"app":"tests","level":"info","message":"Yay! The startup script is executing. rnd string: tjhM4DSv8SY5dXWu","timestamp":"2025-08-22T13:36:18.657Z"}
{"app":"tests","level":"info","message":"Executing startup script: sample-app-startup.js","timestamp":"2025-08-22T13:37:46.082Z"}
{"app":"tests","level":"info","message":"[CACHE SET] for script: sample-app-startup.js","timestamp":"2025-08-22T13:37:46.082Z"}
{"app":"tests","level":"info","message":"Yay! The startup script is executing. rnd string: BcCEtFbjNMNGnNyt","timestamp":"2025-08-22T13:37:46.091Z"}
{"app":"tests","level":"info","message":"Executing startup script: sample-app-startup.js","timestamp":"2025-08-22T13:38:27.232Z"}
{"app":"tests","level":"info","message":"[CACHE SET] for script: sample-app-startup.js","timestamp":"2025-08-22T13:38:27.232Z"}
{"app":"tests","level":"info","message":"Yay! The startup script is executing. rnd string: QmsZTldKnHaiSdsh","timestamp":"2025-08-22T13:38:27.242Z"}
{"app":"tests","level":"info","message":"Executing startup script: sample-app-startup.js","timestamp":"2025-08-22T13:39:54.879Z"}
{"app":"tests","level":"info","message":"[CACHE SET] for script: sample-app-startup.js","timestamp":"2025-08-22T13:39:54.879Z"}
{"app":"tests","level":"info","message":"Yay! The startup script is executing. rnd string: 6VfRT4a7GQuIFChc","timestamp":"2025-08-22T13:39:54.890Z"}
{"app":"tests","level":"info","message":"Executing startup script: sample-app-startup.js","timestamp":"2025-08-22T13:43:05.446Z"}
{"app":"tests","level":"info","message":"[CACHE SET] for script: sample-app-startup.js","timestamp":"2025-08-22T13:43:05.446Z"}
{"app":"tests","level":"info","message":"Yay! The startup script is executing. rnd string: ODwdxRlM5VIDTg6K","timestamp":"2025-08-22T13:43:05.457Z"}
{"app":"tests","level":"info","message":"Executing simple test script","timestamp":"2025-08-22T13:43:05.493Z"}
{"app":"tests","level":"info","message":"Response sent by: simple.js","timestamp":"2025-08-22T13:43:05.494Z"}
{"app":"tests","level":"info","message":"Response sent by: get.js","timestamp":"2025-08-22T13:43:05.500Z"}
{"app":"tests","level":"info","message":"Executing startup script: sample-app-startup.js","timestamp":"2025-08-22T14:17:14.865Z"}
{"app":"tests","level":"info","message":"[CACHE SET] for script: sample-app-startup.js","timestamp":"2025-08-22T14:17:14.866Z"}
{"app":"tests","level":"info","message":"Yay! The startup script is executing. rnd string: qGZKESPZxYOJprjN","timestamp":"2025-08-22T14:17:14.876Z"}
{"app":"tests","level":"info","message":"Response sent by: image.js","timestamp":"2025-08-22T14:17:25.123Z"}
{"app":"tests","level":"info","message":"Response sent by: get-tests.js","timestamp":"2025-08-22T14:17:27.145Z"}
{"app":"tests","level":"error","message":"Error in ginger middleware: Module 'path' is not allowed or could not be found. in app tests found in script get-test-source.js","stack":"Error: Module 'path' is not allowed or could not be found.\n    at gRequire (E:\\projects\\gingerjs\\modules\\gbox.js:90:11)\n    at eval (eval at runInGBox (E:\\projects\\gingerjs\\modules\\gbox.js:137:25), <anonymous>:6:22)\n    at ginger (E:\\projects\\gingerjs\\modules\\ginger.js:203:27)\n    at module.exports (eval at runInGBox (E:\\projects\\gingerjs\\modules\\gbox.js:137:25), <anonymous>:4:11)\n    at E:\\projects\\gingerjs\\ginger.js:468:23\n    at process.processTicksAndRejections (node:internal/process/task_queues:105:5)","timestamp":"2025-08-22T14:17:39.205Z"}
{"app":"tests","level":"info","message":"Executing simple test script","timestamp":"2025-08-22T14:17:46.218Z"}
{"app":"tests","level":"info","message":"Response sent by: simple.js","timestamp":"2025-08-22T14:17:46.219Z"}
{"app":"tests","level":"error","message":"Error in ginger middleware: Module 'path' is not allowed or could not be found. in app tests found in script get-test-source.js","stack":"Error: Module 'path' is not allowed or could not be found.\n    at gRequire (E:\\projects\\gingerjs\\modules\\gbox.js:90:11)\n    at eval (eval at runInGBox (E:\\projects\\gingerjs\\modules\\gbox.js:137:25), <anonymous>:6:22)\n    at ginger (E:\\projects\\gingerjs\\modules\\ginger.js:203:27)\n    at module.exports (eval at runInGBox (E:\\projects\\gingerjs\\modules\\gbox.js:137:25), <anonymous>:4:11)\n    at E:\\projects\\gingerjs\\ginger.js:468:23\n    at process.processTicksAndRejections (node:internal/process/task_queues:105:5)","timestamp":"2025-08-22T14:17:48.393Z"}
{"app":"tests","level":"info","message":"Response sent by: jsonresp.js","timestamp":"2025-08-22T14:17:49.856Z"}
{"app":"tests","level":"error","message":"Error in ginger middleware: Module 'path' is not allowed or could not be found. in app tests found in script get-test-source.js","stack":"Error: Module 'path' is not allowed or could not be found.\n    at gRequire (E:\\projects\\gingerjs\\modules\\gbox.js:90:11)\n    at eval (eval at runInGBox (E:\\projects\\gingerjs\\modules\\gbox.js:137:25), <anonymous>:6:22)\n    at ginger (E:\\projects\\gingerjs\\modules\\ginger.js:203:27)\n    at module.exports (eval at runInGBox (E:\\projects\\gingerjs\\modules\\gbox.js:137:25), <anonymous>:4:11)\n    at E:\\projects\\gingerjs\\ginger.js:468:23\n    at process.processTicksAndRejections (node:internal/process/task_queues:105:5)","timestamp":"2025-08-22T14:17:53.273Z"}
{"app":"tests","level":"info","message":"Response sent by: get-query-params.js","timestamp":"2025-08-22T14:17:56.208Z"}
{"app":"tests","level":"error","message":"Error in ginger middleware: Module 'path' is not allowed or could not be found. in app tests found in script get-test-source.js","stack":"Error: Module 'path' is not allowed or could not be found.\n    at gRequire (E:\\projects\\gingerjs\\modules\\gbox.js:90:11)\n    at eval (eval at runInGBox (E:\\projects\\gingerjs\\modules\\gbox.js:137:25), <anonymous>:6:22)\n    at ginger (E:\\projects\\gingerjs\\modules\\ginger.js:203:27)\n    at module.exports (eval at runInGBox (E:\\projects\\gingerjs\\modules\\gbox.js:137:25), <anonymous>:4:11)\n    at E:\\projects\\gingerjs\\ginger.js:468:23\n    at process.processTicksAndRejections (node:internal/process/task_queues:105:5)","timestamp":"2025-08-22T14:17:59.941Z"}
{"app":"tests","level":"info","message":"Body already processed, skipping for post-json.js","timestamp":"2025-08-22T14:18:05.239Z"}
{"app":"tests","level":"info","message":"Response sent by: post-json.js","timestamp":"2025-08-22T14:18:05.240Z"}
{"app":"tests","level":"error","message":"Error in ginger middleware: Module 'path' is not allowed or could not be found. in app tests found in script get-test-source.js","stack":"Error: Module 'path' is not allowed or could not be found.\n    at gRequire (E:\\projects\\gingerjs\\modules\\gbox.js:90:11)\n    at eval (eval at runInGBox (E:\\projects\\gingerjs\\modules\\gbox.js:137:25), <anonymous>:6:22)\n    at ginger (E:\\projects\\gingerjs\\modules\\ginger.js:203:27)\n    at module.exports (eval at runInGBox (E:\\projects\\gingerjs\\modules\\gbox.js:137:25), <anonymous>:4:11)\n    at E:\\projects\\gingerjs\\ginger.js:468:23\n    at process.processTicksAndRejections (node:internal/process/task_queues:105:5)","timestamp":"2025-08-22T14:18:07.627Z"}
{"app":"tests","level":"info","message":"Body already processed, skipping for post-form-url-encoded.js","timestamp":"2025-08-22T14:18:14.781Z"}
{"app":"tests","level":"info","message":"Response sent by: post-form-url-encoded.js","timestamp":"2025-08-22T14:18:14.782Z"}
{"app":"tests","level":"error","message":"Error in ginger middleware: Module 'path' is not allowed or could not be found. in app tests found in script get-test-source.js","stack":"Error: Module 'path' is not allowed or could not be found.\n    at gRequire (E:\\projects\\gingerjs\\modules\\gbox.js:90:11)\n    at eval (eval at runInGBox (E:\\projects\\gingerjs\\modules\\gbox.js:137:25), <anonymous>:6:22)\n    at ginger (E:\\projects\\gingerjs\\modules\\ginger.js:203:27)\n    at module.exports (eval at runInGBox (E:\\projects\\gingerjs\\modules\\gbox.js:137:25), <anonymous>:4:11)\n    at E:\\projects\\gingerjs\\ginger.js:468:23\n    at process.processTicksAndRejections (node:internal/process/task_queues:105:5)","timestamp":"2025-08-22T14:18:16.819Z"}
{"app":"tests","level":"error","message":"Error parsing multipart/form-data: options.allowEmptyFiles is false, file size should be greater than 0 for /tests/post-multipart","timestamp":"2025-08-22T14:18:18.329Z"}
{"app":"tests","level":"error","message":"Error parsing multipart/form-data: options.allowEmptyFiles is false, file size should be greater than 0 for /tests/post-multipart","timestamp":"2025-08-22T14:18:18.330Z"}
{"app":"tests","level":"info","message":"Response sent by: post-multipart.js","timestamp":"2025-08-22T14:18:18.331Z"}
{"app":"tests","level":"info","message":"Response sent by: post-multipart.js","timestamp":"2025-08-22T14:18:37.776Z"}
{"app":"tests","level":"info","message":"Body already processed, skipping for post-multipart.js","timestamp":"2025-08-22T14:18:37.777Z"}
{"app":"tests","level":"error","message":"Error in ginger middleware: Module 'path' is not allowed or could not be found. in app tests found in script get-test-source.js","stack":"Error: Module 'path' is not allowed or could not be found.\n    at gRequire (E:\\projects\\gingerjs\\modules\\gbox.js:90:11)\n    at eval (eval at runInGBox (E:\\projects\\gingerjs\\modules\\gbox.js:137:25), <anonymous>:6:22)\n    at ginger (E:\\projects\\gingerjs\\modules\\ginger.js:203:27)\n    at module.exports (eval at runInGBox (E:\\projects\\gingerjs\\modules\\gbox.js:137:25), <anonymous>:4:11)\n    at E:\\projects\\gingerjs\\ginger.js:468:23\n    at process.processTicksAndRejections (node:internal/process/task_queues:105:5)","timestamp":"2025-08-22T14:19:36.104Z"}
{"app":"tests","level":"info","message":"Response sent by: cookies.js","timestamp":"2025-08-22T14:19:37.935Z"}
{"app":"tests","level":"error","message":"Error in ginger middleware: Module 'path' is not allowed or could not be found. in app tests found in script get-test-source.js","stack":"Error: Module 'path' is not allowed or could not be found.\n    at gRequire (E:\\projects\\gingerjs\\modules\\gbox.js:90:11)\n    at eval (eval at runInGBox (E:\\projects\\gingerjs\\modules\\gbox.js:137:25), <anonymous>:6:22)\n    at ginger (E:\\projects\\gingerjs\\modules\\ginger.js:203:27)\n    at module.exports (eval at runInGBox (E:\\projects\\gingerjs\\modules\\gbox.js:137:25), <anonymous>:4:11)\n    at E:\\projects\\gingerjs\\ginger.js:468:23\n    at process.processTicksAndRejections (node:internal/process/task_queues:105:5)","timestamp":"2025-08-22T14:19:51.556Z"}
{"app":"tests","level":"info","message":"Response sent by: test-sandbox.js","timestamp":"2025-08-22T14:19:54.324Z"}
{"app":"tests","level":"error","message":"Error in ginger middleware: Module 'path' is not allowed or could not be found. in app tests found in script get-test-source.js","stack":"Error: Module 'path' is not allowed or could not be found.\n    at gRequire (E:\\projects\\gingerjs\\modules\\gbox.js:90:11)\n    at eval (eval at runInGBox (E:\\projects\\gingerjs\\modules\\gbox.js:137:25), <anonymous>:6:22)\n    at ginger (E:\\projects\\gingerjs\\modules\\ginger.js:203:27)\n    at module.exports (eval at runInGBox (E:\\projects\\gingerjs\\modules\\gbox.js:137:25), <anonymous>:4:11)\n    at E:\\projects\\gingerjs\\ginger.js:468:23\n    at process.processTicksAndRejections (node:internal/process/task_queues:105:5)","timestamp":"2025-08-22T14:19:57.260Z"}
{"app":"tests","level":"info","message":"Response sent by: crypto.js","timestamp":"2025-08-22T14:19:58.992Z"}
{"app":"tests","level":"error","message":"Error in ginger middleware: Module 'path' is not allowed or could not be found. in app tests found in script get-test-source.js","stack":"Error: Module 'path' is not allowed or could not be found.\n    at gRequire (E:\\projects\\gingerjs\\modules\\gbox.js:90:11)\n    at eval (eval at runInGBox (E:\\projects\\gingerjs\\modules\\gbox.js:137:25), <anonymous>:6:22)\n    at ginger (E:\\projects\\gingerjs\\modules\\ginger.js:203:27)\n    at module.exports (eval at runInGBox (E:\\projects\\gingerjs\\modules\\gbox.js:137:25), <anonymous>:4:11)\n    at E:\\projects\\gingerjs\\ginger.js:468:23\n    at process.processTicksAndRejections (node:internal/process/task_queues:105:5)","timestamp":"2025-08-22T14:20:08.479Z"}
{"app":"tests","level":"error","message":"Postgres: transaction error duplicate key value violates unique constraint \"Test_pkey\"","stack":"error: duplicate key value violates unique constraint \"Test_pkey\"\n    at E:\\projects\\gingerjs\\node_modules\\pg\\lib\\client.js:545:17\n    at process.processTicksAndRejections (node:internal/process/task_queues:105:5)\n    at async Object.execute (E:\\projects\\gingerjs\\modules\\dbproviders\\postgres.js:65:50)\n    at async eval (eval at runInGBox (E:\\projects\\gingerjs\\modules\\gbox.js:137:25), <anonymous>:159:17)\n    at async PostgresAdapter.transaction (E:\\projects\\gingerjs\\modules\\dbproviders\\postgres.js:67:28)\n    at async eval (eval at runInGBox (E:\\projects\\gingerjs\\modules\\gbox.js:137:25), <anonymous>:153:13)\n    at async ginger (E:\\projects\\gingerjs\\modules\\ginger.js:203:21)","timestamp":"2025-08-22T14:20:10.419Z"}
{"app":"tests","level":"info","message":"Response sent by: db-postgres.js","timestamp":"2025-08-22T14:20:10.420Z"}
{"app":"tests","level":"error","message":"Error in ginger middleware: Module 'path' is not allowed or could not be found. in app tests found in script get-test-source.js","stack":"Error: Module 'path' is not allowed or could not be found.\n    at gRequire (E:\\projects\\gingerjs\\modules\\gbox.js:90:11)\n    at eval (eval at runInGBox (E:\\projects\\gingerjs\\modules\\gbox.js:137:25), <anonymous>:6:22)\n    at ginger (E:\\projects\\gingerjs\\modules\\ginger.js:203:27)\n    at module.exports (eval at runInGBox (E:\\projects\\gingerjs\\modules\\gbox.js:137:25), <anonymous>:4:11)\n    at E:\\projects\\gingerjs\\ginger.js:468:23\n    at process.processTicksAndRejections (node:internal/process/task_queues:105:5)","timestamp":"2025-08-22T14:20:23.889Z"}
{"app":"tests","level":"error","message":"SQLite: transaction error Transaction function cannot return a promise","stack":"TypeError: Transaction function cannot return a promise\n    at sqliteTransaction (E:\\projects\\gingerjs\\node_modules\\better-sqlite3\\lib\\methods\\transaction.js:67:10)\n    at SqliteAdapter.transaction (E:\\projects\\gingerjs\\modules\\dbproviders\\sqlite.js:101:20)\n    at Object.transaction (E:\\projects\\gingerjs\\modules\\db.js:186:32)\n    at eval (eval at runInGBox (E:\\projects\\gingerjs\\modules\\gbox.js:137:25), <anonymous>:101:22)\n    at process.processTicksAndRejections (node:internal/process/task_queues:105:5)\n    at async ginger (E:\\projects\\gingerjs\\modules\\ginger.js:203:21)","timestamp":"2025-08-22T14:20:25.710Z"}
{"app":"tests","level":"info","message":"Response sent by: db-sqlite.js","timestamp":"2025-08-22T14:20:25.716Z"}
{"app":"tests","level":"error","message":"Error in ginger middleware: Module 'path' is not allowed or could not be found. in app tests found in script get-test-source.js","stack":"Error: Module 'path' is not allowed or could not be found.\n    at gRequire (E:\\projects\\gingerjs\\modules\\gbox.js:90:11)\n    at eval (eval at runInGBox (E:\\projects\\gingerjs\\modules\\gbox.js:137:25), <anonymous>:6:22)\n    at ginger (E:\\projects\\gingerjs\\modules\\ginger.js:203:27)\n    at module.exports (eval at runInGBox (E:\\projects\\gingerjs\\modules\\gbox.js:137:25), <anonymous>:4:11)\n    at E:\\projects\\gingerjs\\ginger.js:468:23\n    at process.processTicksAndRejections (node:internal/process/task_queues:105:5)","timestamp":"2025-08-22T14:20:30.275Z"}
{"app":"tests","level":"info","message":"Response sent by: image.js","timestamp":"2025-08-22T14:20:32.075Z"}
{"app":"tests","level":"error","message":"Error in ginger middleware: Module 'path' is not allowed or could not be found. in app tests found in script get-test-source.js","stack":"Error: Module 'path' is not allowed or could not be found.\n    at gRequire (E:\\projects\\gingerjs\\modules\\gbox.js:90:11)\n    at eval (eval at runInGBox (E:\\projects\\gingerjs\\modules\\gbox.js:137:25), <anonymous>:6:22)\n    at ginger (E:\\projects\\gingerjs\\modules\\ginger.js:203:27)\n    at module.exports (eval at runInGBox (E:\\projects\\gingerjs\\modules\\gbox.js:137:25), <anonymous>:4:11)\n    at E:\\projects\\gingerjs\\ginger.js:468:23\n    at process.processTicksAndRejections (node:internal/process/task_queues:105:5)","timestamp":"2025-08-22T14:20:38.381Z"}
{"app":"tests","level":"info","message":"Response sent by: pdf.js","timestamp":"2025-08-22T14:20:41.365Z"}
{"app":"tests","level":"error","message":"Error in ginger middleware: Module 'path' is not allowed or could not be found. in app tests found in script get-test-source.js","stack":"Error: Module 'path' is not allowed or could not be found.\n    at gRequire (E:\\projects\\gingerjs\\modules\\gbox.js:90:11)\n    at eval (eval at runInGBox (E:\\projects\\gingerjs\\modules\\gbox.js:137:25), <anonymous>:6:22)\n    at ginger (E:\\projects\\gingerjs\\modules\\ginger.js:203:27)\n    at module.exports (eval at runInGBox (E:\\projects\\gingerjs\\modules\\gbox.js:137:25), <anonymous>:4:11)\n    at E:\\projects\\gingerjs\\ginger.js:468:23\n    at process.processTicksAndRejections (node:internal/process/task_queues:105:5)","timestamp":"2025-08-22T14:20:47.211Z"}
{"app":"tests","level":"info","message":"Response sent by: httpclient.js","timestamp":"2025-08-22T14:20:52.272Z"}
{"app":"tests","level":"error","message":"Error in ginger middleware: Module 'path' is not allowed or could not be found. in app tests found in script get-test-source.js","stack":"Error: Module 'path' is not allowed or could not be found.\n    at gRequire (E:\\projects\\gingerjs\\modules\\gbox.js:90:11)\n    at eval (eval at runInGBox (E:\\projects\\gingerjs\\modules\\gbox.js:137:25), <anonymous>:6:22)\n    at ginger (E:\\projects\\gingerjs\\modules\\ginger.js:203:27)\n    at module.exports (eval at runInGBox (E:\\projects\\gingerjs\\modules\\gbox.js:137:25), <anonymous>:4:11)\n    at E:\\projects\\gingerjs\\ginger.js:468:23\n    at process.processTicksAndRejections (node:internal/process/task_queues:105:5)","timestamp":"2025-08-22T14:20:56.867Z"}
{"app":"tests","level":"info","message":"Response sent by: zip.js","timestamp":"2025-08-22T14:20:59.197Z"}
{"app":"tests","level":"error","message":"Error in ginger middleware: Module 'path' is not allowed or could not be found. in app tests found in script get-test-source.js","stack":"Error: Module 'path' is not allowed or could not be found.\n    at gRequire (E:\\projects\\gingerjs\\modules\\gbox.js:90:11)\n    at eval (eval at runInGBox (E:\\projects\\gingerjs\\modules\\gbox.js:137:25), <anonymous>:6:22)\n    at ginger (E:\\projects\\gingerjs\\modules\\ginger.js:203:27)\n    at module.exports (eval at runInGBox (E:\\projects\\gingerjs\\modules\\gbox.js:137:25), <anonymous>:4:11)\n    at E:\\projects\\gingerjs\\ginger.js:468:23\n    at process.processTicksAndRejections (node:internal/process/task_queues:105:5)","timestamp":"2025-08-22T14:21:02.379Z"}
{"app":"tests","level":"info","message":"Response sent by: html.js","timestamp":"2025-08-22T14:21:04.954Z"}
{"app":"tests","level":"error","message":"Error in ginger middleware: Module 'path' is not allowed or could not be found. in app tests found in script get-test-source.js","stack":"Error: Module 'path' is not allowed or could not be found.\n    at gRequire (E:\\projects\\gingerjs\\modules\\gbox.js:90:11)\n    at eval (eval at runInGBox (E:\\projects\\gingerjs\\modules\\gbox.js:137:25), <anonymous>:6:22)\n    at ginger (E:\\projects\\gingerjs\\modules\\ginger.js:203:27)\n    at module.exports (eval at runInGBox (E:\\projects\\gingerjs\\modules\\gbox.js:137:25), <anonymous>:4:11)\n    at E:\\projects\\gingerjs\\ginger.js:468:23\n    at process.processTicksAndRejections (node:internal/process/task_queues:105:5)","timestamp":"2025-08-22T14:27:30.601Z"}
{"app":"tests","level":"info","message":"Response sent by: test-sandbox.js","timestamp":"2025-08-22T14:27:32.284Z"}
{"app":"tests","level":"info","message":"Response sent by: get-tests.js","timestamp":"2025-08-22T14:33:59.219Z"}
{"app":"tests","level":"error","message":"Error in ginger middleware: Module 'path' is not allowed or could not be found. in app tests found in script get-test-source.js","stack":"Error: Module 'path' is not allowed or could not be found.\n    at gRequire (E:\\projects\\gingerjs\\modules\\gbox.js:90:11)\n    at eval (eval at runInGBox (E:\\projects\\gingerjs\\modules\\gbox.js:137:25), <anonymous>:6:22)\n    at ginger (E:\\projects\\gingerjs\\modules\\ginger.js:203:27)\n    at module.exports (eval at runInGBox (E:\\projects\\gingerjs\\modules\\gbox.js:137:25), <anonymous>:4:11)\n    at E:\\projects\\gingerjs\\ginger.js:468:23\n    at process.processTicksAndRejections (node:internal/process/task_queues:105:5)","timestamp":"2025-08-22T14:34:17.241Z"}
{"app":"tests","level":"info","message":"Executing simple test script","timestamp":"2025-08-22T14:34:19.612Z"}
{"app":"tests","level":"info","message":"Response sent by: simple.js","timestamp":"2025-08-22T14:34:19.613Z"}
{"app":"tests","level":"error","message":"Error in ginger middleware: Module 'path' is not allowed or could not be found. in app tests found in script get-test-source.js","stack":"Error: Module 'path' is not allowed or could not be found.\n    at gRequire (E:\\projects\\gingerjs\\modules\\gbox.js:90:11)\n    at eval (eval at runInGBox (E:\\projects\\gingerjs\\modules\\gbox.js:137:25), <anonymous>:6:22)\n    at ginger (E:\\projects\\gingerjs\\modules\\ginger.js:203:27)\n    at module.exports (eval at runInGBox (E:\\projects\\gingerjs\\modules\\gbox.js:137:25), <anonymous>:4:11)\n    at E:\\projects\\gingerjs\\ginger.js:468:23\n    at process.processTicksAndRejections (node:internal/process/task_queues:105:5)","timestamp":"2025-08-22T14:34:21.245Z"}
{"app":"tests","level":"info","message":"Response sent by: jsonresp.js","timestamp":"2025-08-22T14:34:22.819Z"}
{"app":"tests","level":"error","message":"Error in ginger middleware: Module 'path' is not allowed or could not be found. in app tests found in script get-test-source.js","stack":"Error: Module 'path' is not allowed or could not be found.\n    at gRequire (E:\\projects\\gingerjs\\modules\\gbox.js:90:11)\n    at eval (eval at runInGBox (E:\\projects\\gingerjs\\modules\\gbox.js:137:25), <anonymous>:6:22)\n    at ginger (E:\\projects\\gingerjs\\modules\\ginger.js:203:27)\n    at module.exports (eval at runInGBox (E:\\projects\\gingerjs\\modules\\gbox.js:137:25), <anonymous>:4:11)\n    at E:\\projects\\gingerjs\\ginger.js:468:23\n    at process.processTicksAndRejections (node:internal/process/task_queues:105:5)","timestamp":"2025-08-22T14:34:26.155Z"}
{"app":"tests","level":"info","message":"Response sent by: get-query-params.js","timestamp":"2025-08-22T14:34:28.144Z"}
{"app":"tests","level":"error","message":"Error in ginger middleware: Module 'path' is not allowed or could not be found. in app tests found in script get-test-source.js","stack":"Error: Module 'path' is not allowed or could not be found.\n    at gRequire (E:\\projects\\gingerjs\\modules\\gbox.js:90:11)\n    at eval (eval at runInGBox (E:\\projects\\gingerjs\\modules\\gbox.js:137:25), <anonymous>:6:22)\n    at ginger (E:\\projects\\gingerjs\\modules\\ginger.js:203:27)\n    at module.exports (eval at runInGBox (E:\\projects\\gingerjs\\modules\\gbox.js:137:25), <anonymous>:4:11)\n    at E:\\projects\\gingerjs\\ginger.js:468:23\n    at process.processTicksAndRejections (node:internal/process/task_queues:105:5)","timestamp":"2025-08-22T14:34:29.864Z"}
{"app":"tests","level":"info","message":"Response sent by: get.js","timestamp":"2025-08-22T14:34:32.284Z"}
{"app":"tests","level":"error","message":"Error in ginger middleware: Module 'path' is not allowed or could not be found. in app tests found in script get-test-source.js","stack":"Error: Module 'path' is not allowed or could not be found.\n    at gRequire (E:\\projects\\gingerjs\\modules\\gbox.js:90:11)\n    at eval (eval at runInGBox (E:\\projects\\gingerjs\\modules\\gbox.js:137:25), <anonymous>:6:22)\n    at ginger (E:\\projects\\gingerjs\\modules\\ginger.js:203:27)\n    at module.exports (eval at runInGBox (E:\\projects\\gingerjs\\modules\\gbox.js:137:25), <anonymous>:4:11)\n    at E:\\projects\\gingerjs\\ginger.js:468:23\n    at process.processTicksAndRejections (node:internal/process/task_queues:105:5)","timestamp":"2025-08-22T14:34:35.460Z"}
{"app":"tests","level":"info","message":"Body already processed, skipping for post-json.js","timestamp":"2025-08-22T14:34:37.258Z"}
{"app":"tests","level":"info","message":"Response sent by: post-json.js","timestamp":"2025-08-22T14:34:37.259Z"}
{"app":"tests","level":"error","message":"Error in ginger middleware: Module 'path' is not allowed or could not be found. in app tests found in script get-test-source.js","stack":"Error: Module 'path' is not allowed or could not be found.\n    at gRequire (E:\\projects\\gingerjs\\modules\\gbox.js:90:11)\n    at eval (eval at runInGBox (E:\\projects\\gingerjs\\modules\\gbox.js:137:25), <anonymous>:6:22)\n    at ginger (E:\\projects\\gingerjs\\modules\\ginger.js:203:27)\n    at module.exports (eval at runInGBox (E:\\projects\\gingerjs\\modules\\gbox.js:137:25), <anonymous>:4:11)\n    at E:\\projects\\gingerjs\\ginger.js:468:23\n    at process.processTicksAndRejections (node:internal/process/task_queues:105:5)","timestamp":"2025-08-22T14:34:40.293Z"}
{"app":"tests","level":"info","message":"Response sent by: cache.js","timestamp":"2025-08-22T14:34:41.799Z"}
{"app":"tests","level":"error","message":"Error in ginger middleware: Module 'path' is not allowed or could not be found. in app tests found in script get-test-source.js","stack":"Error: Module 'path' is not allowed or could not be found.\n    at gRequire (E:\\projects\\gingerjs\\modules\\gbox.js:90:11)\n    at eval (eval at runInGBox (E:\\projects\\gingerjs\\modules\\gbox.js:137:25), <anonymous>:6:22)\n    at ginger (E:\\projects\\gingerjs\\modules\\ginger.js:203:27)\n    at module.exports (eval at runInGBox (E:\\projects\\gingerjs\\modules\\gbox.js:137:25), <anonymous>:4:11)\n    at E:\\projects\\gingerjs\\ginger.js:468:23\n    at process.processTicksAndRejections (node:internal/process/task_queues:105:5)","timestamp":"2025-08-22T14:34:52.778Z"}
{"app":"tests","level":"info","message":"Response sent by: chart.js","timestamp":"2025-08-22T14:35:12.637Z"}
{"app":"tests","level":"error","message":"Error in ginger middleware: Module 'path' is not allowed or could not be found. in app tests found in script get-test-source.js","stack":"Error: Module 'path' is not allowed or could not be found.\n    at gRequire (E:\\projects\\gingerjs\\modules\\gbox.js:90:11)\n    at eval (eval at runInGBox (E:\\projects\\gingerjs\\modules\\gbox.js:137:25), <anonymous>:6:22)\n    at ginger (E:\\projects\\gingerjs\\modules\\ginger.js:203:27)\n    at module.exports (eval at runInGBox (E:\\projects\\gingerjs\\modules\\gbox.js:137:25), <anonymous>:4:11)\n    at E:\\projects\\gingerjs\\ginger.js:468:23\n    at process.processTicksAndRejections (node:internal/process/task_queues:105:5)","timestamp":"2025-08-22T14:35:14.807Z"}
{"app":"tests","level":"info","message":"Response sent by: dashboard.js","timestamp":"2025-08-22T14:35:16.470Z"}
{"app":"tests","level":"error","message":"Error in ginger middleware: Module 'path' is not allowed or could not be found. in app tests found in script get-test-source.js","stack":"Error: Module 'path' is not allowed or could not be found.\n    at gRequire (E:\\projects\\gingerjs\\modules\\gbox.js:90:11)\n    at eval (eval at runInGBox (E:\\projects\\gingerjs\\modules\\gbox.js:137:25), <anonymous>:6:22)\n    at ginger (E:\\projects\\gingerjs\\modules\\ginger.js:203:27)\n    at module.exports (eval at runInGBox (E:\\projects\\gingerjs\\modules\\gbox.js:137:25), <anonymous>:4:11)\n    at E:\\projects\\gingerjs\\ginger.js:468:23\n    at process.processTicksAndRejections (node:internal/process/task_queues:105:5)","timestamp":"2025-08-22T14:35:20.403Z"}
{"app":"tests","level":"info","message":"Response sent by: pdf.js","timestamp":"2025-08-22T14:35:21.932Z"}
{"app":"tests","level":"error","message":"Error in ginger middleware: Module 'path' is not allowed or could not be found. in app tests found in script get-test-source.js","stack":"Error: Module 'path' is not allowed or could not be found.\n    at gRequire (E:\\projects\\gingerjs\\modules\\gbox.js:90:11)\n    at eval (eval at runInGBox (E:\\projects\\gingerjs\\modules\\gbox.js:137:25), <anonymous>:6:22)\n    at ginger (E:\\projects\\gingerjs\\modules\\ginger.js:203:27)\n    at module.exports (eval at runInGBox (E:\\projects\\gingerjs\\modules\\gbox.js:137:25), <anonymous>:4:11)\n    at E:\\projects\\gingerjs\\ginger.js:468:23\n    at process.processTicksAndRejections (node:internal/process/task_queues:105:5)","timestamp":"2025-08-22T14:35:26.321Z"}
{"app":"tests","level":"info","message":"Response sent by: pdf-custom-font.js","timestamp":"2025-08-22T14:35:27.925Z"}
{"app":"tests","level":"error","message":"Error in ginger middleware: Module 'path' is not allowed or could not be found. in app tests found in script get-test-source.js","stack":"Error: Module 'path' is not allowed or could not be found.\n    at gRequire (E:\\projects\\gingerjs\\modules\\gbox.js:90:11)\n    at eval (eval at runInGBox (E:\\projects\\gingerjs\\modules\\gbox.js:137:25), <anonymous>:6:22)\n    at ginger (E:\\projects\\gingerjs\\modules\\ginger.js:203:27)\n    at module.exports (eval at runInGBox (E:\\projects\\gingerjs\\modules\\gbox.js:137:25), <anonymous>:4:11)\n    at E:\\projects\\gingerjs\\ginger.js:468:23\n    at process.processTicksAndRejections (node:internal/process/task_queues:105:5)","timestamp":"2025-08-22T14:35:30.334Z"}
{"app":"tests","level":"info","message":"Response sent by: rnd.js","timestamp":"2025-08-22T14:35:31.870Z"}
{"app":"tests","level":"error","message":"Error in ginger middleware: Module 'path' is not allowed or could not be found. in app tests found in script get-test-source.js","stack":"Error: Module 'path' is not allowed or could not be found.\n    at gRequire (E:\\projects\\gingerjs\\modules\\gbox.js:90:11)\n    at eval (eval at runInGBox (E:\\projects\\gingerjs\\modules\\gbox.js:137:25), <anonymous>:6:22)\n    at ginger (E:\\projects\\gingerjs\\modules\\ginger.js:203:27)\n    at module.exports (eval at runInGBox (E:\\projects\\gingerjs\\modules\\gbox.js:137:25), <anonymous>:4:11)\n    at E:\\projects\\gingerjs\\ginger.js:468:23\n    at process.processTicksAndRejections (node:internal/process/task_queues:105:5)","timestamp":"2025-08-22T14:35:34.054Z"}
{"app":"tests","level":"info","message":"Response sent by: utils.js","timestamp":"2025-08-22T14:35:38.647Z"}
{"app":"tests","level":"error","message":"Error in ginger middleware: Module 'path' is not allowed or could not be found. in app tests found in script get-test-source.js","stack":"Error: Module 'path' is not allowed or could not be found.\n    at gRequire (E:\\projects\\gingerjs\\modules\\gbox.js:90:11)\n    at eval (eval at runInGBox (E:\\projects\\gingerjs\\modules\\gbox.js:137:25), <anonymous>:6:22)\n    at ginger (E:\\projects\\gingerjs\\modules\\ginger.js:203:27)\n    at module.exports (eval at runInGBox (E:\\projects\\gingerjs\\modules\\gbox.js:137:25), <anonymous>:4:11)\n    at E:\\projects\\gingerjs\\ginger.js:468:23\n    at process.processTicksAndRejections (node:internal/process/task_queues:105:5)","timestamp":"2025-08-22T14:35:51.184Z"}
{"app":"tests","level":"error","message":"Error in ginger middleware: Module 'path' is not allowed or could not be found. in app tests found in script get-test-source.js","stack":"Error: Module 'path' is not allowed or could not be found.\n    at gRequire (E:\\projects\\gingerjs\\modules\\gbox.js:90:11)\n    at eval (eval at runInGBox (E:\\projects\\gingerjs\\modules\\gbox.js:137:25), <anonymous>:6:22)\n    at ginger (E:\\projects\\gingerjs\\modules\\ginger.js:203:27)\n    at module.exports (eval at runInGBox (E:\\projects\\gingerjs\\modules\\gbox.js:137:25), <anonymous>:4:11)\n    at E:\\projects\\gingerjs\\ginger.js:468:23\n    at process.processTicksAndRejections (node:internal/process/task_queues:105:5)","timestamp":"2025-08-22T14:35:52.646Z"}
{"app":"tests","level":"info","message":"Response sent by: utils.js","timestamp":"2025-08-22T14:35:54.029Z"}
{"app":"tests","level":"error","message":"Error in ginger middleware: Module 'path' is not allowed or could not be found. in app tests found in script get-test-source.js","stack":"Error: Module 'path' is not allowed or could not be found.\n    at gRequire (E:\\projects\\gingerjs\\modules\\gbox.js:90:11)\n    at eval (eval at runInGBox (E:\\projects\\gingerjs\\modules\\gbox.js:137:25), <anonymous>:6:22)\n    at ginger (E:\\projects\\gingerjs\\modules\\ginger.js:203:27)\n    at module.exports (eval at runInGBox (E:\\projects\\gingerjs\\modules\\gbox.js:137:25), <anonymous>:4:11)\n    at E:\\projects\\gingerjs\\ginger.js:468:23\n    at process.processTicksAndRejections (node:internal/process/task_queues:105:5)","timestamp":"2025-08-22T14:35:57.773Z"}
{"app":"tests","level":"info","message":"Response sent by: uuid.js","timestamp":"2025-08-22T14:35:59.060Z"}
{"app":"tests","level":"error","message":"Error in ginger middleware: Module 'path' is not allowed or could not be found. in app tests found in script get-test-source.js","stack":"Error: Module 'path' is not allowed or could not be found.\n    at gRequire (E:\\projects\\gingerjs\\modules\\gbox.js:90:11)\n    at eval (eval at runInGBox (E:\\projects\\gingerjs\\modules\\gbox.js:137:25), <anonymous>:6:22)\n    at ginger (E:\\projects\\gingerjs\\modules\\ginger.js:203:27)\n    at module.exports (eval at runInGBox (E:\\projects\\gingerjs\\modules\\gbox.js:137:25), <anonymous>:4:11)\n    at E:\\projects\\gingerjs\\ginger.js:468:23\n    at process.processTicksAndRejections (node:internal/process/task_queues:105:5)","timestamp":"2025-08-22T14:36:00.958Z"}
{"app":"tests","level":"info","message":"Response sent by: qrcode.js","timestamp":"2025-08-22T14:36:02.984Z"}
{"app":"tests","level":"error","message":"Error in ginger middleware: Module 'path' is not allowed or could not be found. in app tests found in script get-test-source.js","stack":"Error: Module 'path' is not allowed or could not be found.\n    at gRequire (E:\\projects\\gingerjs\\modules\\gbox.js:90:11)\n    at eval (eval at runInGBox (E:\\projects\\gingerjs\\modules\\gbox.js:137:25), <anonymous>:6:22)\n    at ginger (E:\\projects\\gingerjs\\modules\\ginger.js:203:27)\n    at module.exports (eval at runInGBox (E:\\projects\\gingerjs\\modules\\gbox.js:137:25), <anonymous>:4:11)\n    at E:\\projects\\gingerjs\\ginger.js:468:23\n    at process.processTicksAndRejections (node:internal/process/task_queues:105:5)","timestamp":"2025-08-22T14:36:06.958Z"}
{"app":"tests","level":"info","message":"Response sent by: html.js","timestamp":"2025-08-22T14:36:09.223Z"}
{"app":"tests","level":"error","message":"Error in ginger middleware: Module 'path' is not allowed or could not be found. in app tests found in script get-test-source.js","stack":"Error: Module 'path' is not allowed or could not be found.\n    at gRequire (E:\\projects\\gingerjs\\modules\\gbox.js:90:11)\n    at eval (eval at runInGBox (E:\\projects\\gingerjs\\modules\\gbox.js:137:25), <anonymous>:6:22)\n    at ginger (E:\\projects\\gingerjs\\modules\\ginger.js:203:27)\n    at module.exports (eval at runInGBox (E:\\projects\\gingerjs\\modules\\gbox.js:137:25), <anonymous>:4:11)\n    at E:\\projects\\gingerjs\\ginger.js:468:23\n    at process.processTicksAndRejections (node:internal/process/task_queues:105:5)","timestamp":"2025-08-22T14:36:15.758Z"}
{"app":"tests","level":"info","message":"Response sent by: appcfg.js","timestamp":"2025-08-22T14:36:17.252Z"}
{"app":"tests","level":"error","message":"Error in ginger middleware: Module 'path' is not allowed or could not be found. in app tests found in script get-test-source.js","stack":"Error: Module 'path' is not allowed or could not be found.\n    at gRequire (E:\\projects\\gingerjs\\modules\\gbox.js:90:11)\n    at eval (eval at runInGBox (E:\\projects\\gingerjs\\modules\\gbox.js:137:25), <anonymous>:6:22)\n    at ginger (E:\\projects\\gingerjs\\modules\\ginger.js:203:27)\n    at module.exports (eval at runInGBox (E:\\projects\\gingerjs\\modules\\gbox.js:137:25), <anonymous>:4:11)\n    at E:\\projects\\gingerjs\\ginger.js:468:23\n    at process.processTicksAndRejections (node:internal/process/task_queues:105:5)","timestamp":"2025-08-22T14:36:23.364Z"}
{"app":"tests","level":"info","message":"Response sent by: externallibcall.js","timestamp":"2025-08-22T14:36:26.398Z"}
{"app":"tests","level":"error","message":"Error in ginger middleware: Module 'path' is not allowed or could not be found. in app tests found in script get-test-source.js","stack":"Error: Module 'path' is not allowed or could not be found.\n    at gRequire (E:\\projects\\gingerjs\\modules\\gbox.js:90:11)\n    at eval (eval at runInGBox (E:\\projects\\gingerjs\\modules\\gbox.js:137:25), <anonymous>:6:22)\n    at ginger (E:\\projects\\gingerjs\\modules\\ginger.js:203:27)\n    at module.exports (eval at runInGBox (E:\\projects\\gingerjs\\modules\\gbox.js:137:25), <anonymous>:4:11)\n    at E:\\projects\\gingerjs\\ginger.js:468:23\n    at process.processTicksAndRejections (node:internal/process/task_queues:105:5)","timestamp":"2025-08-22T14:36:32.665Z"}
{"app":"tests","level":"info","message":"Response sent by: encode.js","timestamp":"2025-08-22T14:36:34.268Z"}
{"app":"tests","level":"error","message":"Error in ginger middleware: Module 'path' is not allowed or could not be found. in app tests found in script get-test-source.js","stack":"Error: Module 'path' is not allowed or could not be found.\n    at gRequire (E:\\projects\\gingerjs\\modules\\gbox.js:90:11)\n    at eval (eval at runInGBox (E:\\projects\\gingerjs\\modules\\gbox.js:137:25), <anonymous>:6:22)\n    at ginger (E:\\projects\\gingerjs\\modules\\ginger.js:203:27)\n    at module.exports (eval at runInGBox (E:\\projects\\gingerjs\\modules\\gbox.js:137:25), <anonymous>:4:11)\n    at E:\\projects\\gingerjs\\ginger.js:468:23\n    at process.processTicksAndRejections (node:internal/process/task_queues:105:5)","timestamp":"2025-08-22T14:36:43.720Z"}
{"app":"tests","level":"info","message":"Response sent by: binary-resp.js","timestamp":"2025-08-22T14:36:45.068Z"}
{"app":"tests","level":"error","message":"Error in ginger middleware: Module 'path' is not allowed or could not be found. in app tests found in script get-test-source.js","stack":"Error: Module 'path' is not allowed or could not be found.\n    at gRequire (E:\\projects\\gingerjs\\modules\\gbox.js:90:11)\n    at eval (eval at runInGBox (E:\\projects\\gingerjs\\modules\\gbox.js:137:25), <anonymous>:6:22)\n    at ginger (E:\\projects\\gingerjs\\modules\\ginger.js:203:27)\n    at module.exports (eval at runInGBox (E:\\projects\\gingerjs\\modules\\gbox.js:137:25), <anonymous>:4:11)\n    at E:\\projects\\gingerjs\\ginger.js:468:23\n    at process.processTicksAndRejections (node:internal/process/task_queues:105:5)","timestamp":"2025-08-22T14:36:47.775Z"}
{"app":"tests","level":"info","message":"Response sent by: fileio.js","timestamp":"2025-08-22T14:36:49.321Z"}
{"app":"tests","level":"error","message":"Error in ginger middleware: Module 'path' is not allowed or could not be found. in app tests found in script get-test-source.js","stack":"Error: Module 'path' is not allowed or could not be found.\n    at gRequire (E:\\projects\\gingerjs\\modules\\gbox.js:90:11)\n    at eval (eval at runInGBox (E:\\projects\\gingerjs\\modules\\gbox.js:137:25), <anonymous>:6:22)\n    at ginger (E:\\projects\\gingerjs\\modules\\ginger.js:203:27)\n    at module.exports (eval at runInGBox (E:\\projects\\gingerjs\\modules\\gbox.js:137:25), <anonymous>:4:11)\n    at E:\\projects\\gingerjs\\ginger.js:468:23\n    at process.processTicksAndRejections (node:internal/process/task_queues:105:5)","timestamp":"2025-08-22T14:36:54.844Z"}
{"app":"tests","level":"info","message":"Response sent by: folderio.js","timestamp":"2025-08-22T14:36:56.414Z"}
{"app":"tests","level":"error","message":"Error in ginger middleware: Module 'path' is not allowed or could not be found. in app tests found in script get-test-source.js","stack":"Error: Module 'path' is not allowed or could not be found.\n    at gRequire (E:\\projects\\gingerjs\\modules\\gbox.js:90:11)\n    at eval (eval at runInGBox (E:\\projects\\gingerjs\\modules\\gbox.js:137:25), <anonymous>:6:22)\n    at ginger (E:\\projects\\gingerjs\\modules\\ginger.js:203:27)\n    at module.exports (eval at runInGBox (E:\\projects\\gingerjs\\modules\\gbox.js:137:25), <anonymous>:4:11)\n    at E:\\projects\\gingerjs\\ginger.js:468:23\n    at process.processTicksAndRejections (node:internal/process/task_queues:105:5)","timestamp":"2025-08-22T14:36:58.113Z"}
{"app":"tests","level":"info","message":"Response sent by: lib-call.js","timestamp":"2025-08-22T14:36:59.817Z"}
{"app":"tests","level":"info","message":"Response sent by: get-tests.js","timestamp":"2025-08-22T14:40:42.359Z"}
{"app":"tests","level":"info","message":"Response sent by: get-test-source.js","timestamp":"2025-08-22T14:40:44.713Z"}
{"app":"tests","level":"info","message":"Executing simple test script","timestamp":"2025-08-22T14:40:50.221Z"}
{"app":"tests","level":"info","message":"Response sent by: simple.js","timestamp":"2025-08-22T14:40:50.222Z"}
{"app":"tests","level":"info","message":"Response sent by: get-test-source.js","timestamp":"2025-08-22T14:40:52.177Z"}
{"app":"tests","level":"info","message":"Response sent by: get-test-source.js","timestamp":"2025-08-22T14:40:53.750Z"}
{"app":"tests","error":"ENOENT: no such file or directory, open 'E:\\projects\\gingerjs\\web\\tests\\box\\:userId.js'","level":"error","message":"Failed to read test source file","testId":"dynamic-route","timestamp":"2025-08-22T14:40:55.370Z"}
{"app":"tests","level":"info","message":"Response sent by: get-test-source.js","timestamp":"2025-08-22T14:40:55.371Z"}
{"app":"tests","level":"info","message":"Response sent by: get-test-source.js","timestamp":"2025-08-22T14:40:57.407Z"}
{"app":"tests","level":"info","message":"Response sent by: get-test-source.js","timestamp":"2025-08-22T14:40:59.154Z"}
{"app":"tests","level":"info","message":"Response sent by: get-test-source.js","timestamp":"2025-08-22T14:41:02.871Z"}
{"app":"tests","level":"info","message":"Response sent by: get-test-source.js","timestamp":"2025-08-22T14:41:13.313Z"}
{"app":"tests","level":"info","message":"Response sent by: get-test-source.js","timestamp":"2025-08-22T14:41:14.720Z"}
{"app":"tests","level":"info","message":"Response sent by: get-test-source.js","timestamp":"2025-08-22T14:41:16.009Z"}
{"app":"tests","level":"info","message":"Response sent by: get-test-source.js","timestamp":"2025-08-22T14:41:17.102Z"}
{"app":"tests","level":"info","message":"Response sent by: get-test-source.js","timestamp":"2025-08-22T14:41:18.052Z"}
{"app":"tests","level":"info","message":"Response sent by: get-test-source.js","timestamp":"2025-08-22T14:41:19.140Z"}
{"app":"tests","level":"info","message":"Response sent by: get-test-source.js","timestamp":"2025-08-22T14:41:20.108Z"}
{"app":"tests","level":"info","message":"Response sent by: get-test-source.js","timestamp":"2025-08-22T14:41:23.788Z"}
{"app":"tests","level":"info","message":"Response sent by: get-tests.js","timestamp":"2025-08-22T14:46:16.076Z"}
{"app":"tests","level":"info","message":"Response sent by: get-tests.js","timestamp":"2025-08-22T14:46:16.225Z"}
{"app":"tests","level":"info","message":"Response sent by: get-tests.js","timestamp":"2025-08-22T14:50:09.182Z"}
{"app":"tests","level":"info","message":"Response sent by: get-test-source.js","timestamp":"2025-08-22T14:50:12.373Z"}
{"app":"tests","level":"info","message":"Response sent by: get-tests.js","timestamp":"2025-08-22T14:50:58.171Z"}
{"app":"tests","level":"info","message":"Response sent by: get-test-source.js","timestamp":"2025-08-22T14:51:00.115Z"}
{"app":"tests","level":"info","message":"Response sent by: get-tests.js","timestamp":"2025-08-22T14:52:05.639Z"}
{"app":"tests","level":"info","message":"Response sent by: get-test-source.js","timestamp":"2025-08-22T14:52:07.980Z"}
{"app":"tests","level":"info","message":"Response sent by: get-test-source.js","timestamp":"2025-08-22T14:52:32.392Z"}
{"app":"tests","level":"info","message":"Response sent by: get-tests.js","timestamp":"2025-08-22T14:57:25.785Z"}
{"app":"tests","level":"info","message":"Response sent by: get-test-source.js","timestamp":"2025-08-22T14:57:28.628Z"}
{"app":"tests","error":"ENOENT: no such file or directory, open 'E:\\projects\\gingerjs\\web\\tests\\box\\:userId.js'","level":"error","message":"Failed to read test source file","testId":"dynamic-route","timestamp":"2025-08-22T14:57:34.230Z"}
{"app":"tests","level":"info","message":"Response sent by: get-test-source.js","timestamp":"2025-08-22T14:57:34.230Z"}
{"app":"tests","level":"info","message":"Response sent by: get-test-source.js","timestamp":"2025-08-22T14:57:36.830Z"}
{"app":"tests","level":"info","message":"Response sent by: get-test-source.js","timestamp":"2025-08-22T14:57:39.007Z"}
{"app":"tests","level":"info","message":"Response sent by: get-test-source.js","timestamp":"2025-08-22T14:57:41.434Z"}
{"app":"tests","level":"info","message":"Response sent by: get-test-source.js","timestamp":"2025-08-22T14:57:44.115Z"}
{"app":"tests","level":"info","message":"Response sent by: get-test-source.js","timestamp":"2025-08-22T14:57:49.252Z"}
{"app":"tests","level":"info","message":"Response sent by: get-test-source.js","timestamp":"2025-08-22T14:57:51.061Z"}
{"app":"tests","level":"info","message":"Response sent by: get-test-source.js","timestamp":"2025-08-22T14:57:52.397Z"}
{"app":"tests","level":"info","message":"Response sent by: get-test-source.js","timestamp":"2025-08-22T14:57:57.647Z"}
{"app":"tests","level":"info","message":"Response sent by: image.js","timestamp":"2025-08-22T15:01:40.611Z"}
{"app":"tests","level":"info","message":"Response sent by: get-tests.js","timestamp":"2025-08-22T15:01:43.873Z"}
{"app":"tests","level":"info","message":"Response sent by: get-test-source.js","timestamp":"2025-08-22T15:01:52.235Z"}
{"app":"tests","level":"info","message":"Response sent by: get-test-source.js","timestamp":"2025-08-22T15:01:54.145Z"}
{"app":"tests","level":"info","message":"Response sent by: get-test-source.js","timestamp":"2025-08-22T15:01:55.928Z"}
{"app":"tests","level":"info","message":"Response sent by: binary-resp.js","timestamp":"2025-08-22T15:01:59.229Z"}
{"app":"tests","level":"info","message":"Response sent by: get-test-source.js","timestamp":"2025-08-22T15:02:03.572Z"}
{"app":"tests","level":"info","message":"Response sent by: get-query-params.js","timestamp":"2025-08-22T15:02:06.494Z"}
{"app":"tests","error":"ENOENT: no such file or directory, open 'E:\\projects\\gingerjs\\web\\tests\\box\\:userId.js'","level":"error","message":"Failed to read test source file","testId":"dynamic-route","timestamp":"2025-08-22T15:02:10.633Z"}
{"app":"tests","level":"info","message":"Response sent by: get-test-source.js","timestamp":"2025-08-22T15:02:10.633Z"}
{"app":"tests","level":"info","message":"Response sent by: get-test-source.js","timestamp":"2025-08-22T15:02:12.094Z"}
{"app":"tests","level":"info","message":"Body already processed, skipping for post-json.js","timestamp":"2025-08-22T15:02:14.573Z"}
{"app":"tests","level":"info","message":"Response sent by: post-json.js","timestamp":"2025-08-22T15:02:14.573Z"}
{"app":"tests","level":"info","message":"Response sent by: get-test-source.js","timestamp":"2025-08-22T15:02:29.455Z"}
{"app":"tests","level":"info","message":"Response sent by: cache.js","timestamp":"2025-08-22T15:02:35.376Z"}
{"app":"tests","level":"info","message":"Response sent by: get-test-source.js","timestamp":"2025-08-22T15:02:41.137Z"}
{"app":"tests","level":"info","message":"Response sent by: chart.js","timestamp":"2025-08-22T15:02:42.454Z"}
{"app":"tests","level":"info","message":"Response sent by: get-test-source.js","timestamp":"2025-08-22T15:03:14.812Z"}
{"app":"tests","level":"info","message":"Response sent by: qrcode.js","timestamp":"2025-08-22T15:03:16.535Z"}
{"app":"tests","level":"info","message":"Response sent by: get-tests.js","timestamp":"2025-08-22T15:09:53.369Z"}
{"app":"tests","level":"info","message":"Response sent by: get-test-source.js","timestamp":"2025-08-22T15:09:56.177Z"}
{"app":"tests","level":"info","message":"Response sent by: cookies.js","timestamp":"2025-08-22T15:09:58.302Z"}
{"app":"tests","level":"info","message":"Executing startup script: sample-app-startup.js","timestamp":"2025-08-22T15:15:03.722Z"}
{"app":"tests","level":"info","message":"[CACHE SET] for script: sample-app-startup.js","timestamp":"2025-08-22T15:15:03.722Z"}
{"app":"tests","level":"info","message":"Yay! The startup script is executing. rnd string: DDmTijWqFtotCuQG","timestamp":"2025-08-22T15:15:03.735Z"}
