{"app":"tests-org","level":"info","message":"Executing startup script: sample-app-startup.js","timestamp":"2025-08-26T04:06:05.082Z"}
{"app":"tests-org","level":"info","message":"[CACHE SET] for script: sample-app-startup.js","timestamp":"2025-08-26T04:06:05.082Z"}
{"app":"tests-org","level":"info","message":"Yay! The startup script is executing. rnd string: 4jLHZ4dFa2GiUVVU","timestamp":"2025-08-26T04:06:05.083Z"}
{"app":"tests-org","level":"info","message":"Executing startup script: sample-app-startup.js","timestamp":"2025-08-26T04:09:19.525Z"}
{"app":"tests-org","level":"info","message":"[CACHE SET] for script: sample-app-startup.js","timestamp":"2025-08-26T04:09:19.525Z"}
{"app":"tests-org","level":"info","message":"Yay! The startup script is executing. rnd string: KEaQ0jdzFIkATjgA","timestamp":"2025-08-26T04:09:19.537Z"}
{"app":"tests-org","level":"info","message":"Executing startup script: sample-app-startup.js","timestamp":"2025-08-26T04:25:24.999Z"}
{"app":"tests-org","level":"info","message":"[CACHE SET] for script: sample-app-startup.js","timestamp":"2025-08-26T04:25:24.999Z"}
{"app":"tests-org","level":"info","message":"Yay! The startup script is executing. rnd string: W5FJ4bzLggDwvd06","timestamp":"2025-08-26T04:25:24.999Z"}
{"app":"tests-org","level":"info","message":"Executing startup script: sample-app-startup.js","timestamp":"2025-08-26T04:36:57.287Z"}
{"app":"tests-org","level":"info","message":"[CACHE SET] for script: sample-app-startup.js","timestamp":"2025-08-26T04:36:57.287Z"}
{"app":"tests-org","level":"info","message":"Yay! The startup script is executing. rnd string: mtU1izkrxvZNaZDs","timestamp":"2025-08-26T04:36:57.288Z"}
{"app":"tests-org","level":"info","message":"Executing startup script: sample-app-startup.js","timestamp":"2025-08-26T04:39:52.766Z"}
{"app":"tests-org","level":"info","message":"[CACHE SET] for script: sample-app-startup.js","timestamp":"2025-08-26T04:39:52.767Z"}
{"app":"tests-org","level":"info","message":"Yay! The startup script is executing. rnd string: TR1d5hyB467BStQL","timestamp":"2025-08-26T04:39:52.777Z"}
{"app":"tests-org","level":"info","message":"Executing startup script: sample-app-startup.js","timestamp":"2025-08-26T04:40:50.826Z"}
{"app":"tests-org","level":"info","message":"[CACHE SET] for script: sample-app-startup.js","timestamp":"2025-08-26T04:40:50.826Z"}
{"app":"tests-org","level":"info","message":"Yay! The startup script is executing. rnd string: 7bMWPT3FuuLbJAPW","timestamp":"2025-08-26T04:40:50.827Z"}
{"app":"tests-org","level":"info","message":"Executing startup script: sample-app-startup.js","timestamp":"2025-08-26T04:42:40.128Z"}
{"app":"tests-org","level":"info","message":"[CACHE SET] for script: sample-app-startup.js","timestamp":"2025-08-26T04:42:40.128Z"}
{"app":"tests-org","level":"info","message":"Yay! The startup script is executing. rnd string: y1QgI5bnQzwErNaO","timestamp":"2025-08-26T04:42:40.139Z"}
{"app":"tests-org","level":"info","message":"Executing startup script: sample-app-startup.js","timestamp":"2025-08-26T05:25:56.683Z"}
{"app":"tests-org","level":"info","message":"[CACHE SET] for script: sample-app-startup.js","timestamp":"2025-08-26T05:25:56.684Z"}
{"app":"tests-org","level":"info","message":"Yay! The startup script is executing. rnd string: asicP87rg4WOn0i2","timestamp":"2025-08-26T05:25:56.702Z"}
{"app":"tests-org","level":"info","message":"Executing startup script: sample-app-startup.js","timestamp":"2025-08-26T07:54:15.571Z"}
{"app":"tests-org","level":"info","message":"[CACHE SET] for script: sample-app-startup.js","timestamp":"2025-08-26T07:54:15.572Z"}
{"app":"tests-org","level":"info","message":"Yay! The startup script is executing. rnd string: zuGUyrOcxd7keRxZ","timestamp":"2025-08-26T07:54:15.572Z"}
{"app":"tests-org","level":"info","message":"Executing startup script: sample-app-startup.js","timestamp":"2025-08-26T14:38:57.059Z"}
{"app":"tests-org","level":"info","message":"[CACHE SET] for script: sample-app-startup.js","timestamp":"2025-08-26T14:38:57.060Z"}
{"app":"tests-org","level":"info","message":"Yay! The startup script is executing. rnd string: kZeNMCwqT5RSckng","timestamp":"2025-08-26T14:38:57.082Z"}
{"app":"tests-org","level":"info","message":"Executing startup script: sample-app-startup.js","timestamp":"2025-08-26T14:41:50.707Z"}
{"app":"tests-org","level":"info","message":"[CACHE SET] for script: sample-app-startup.js","timestamp":"2025-08-26T14:41:50.708Z"}
{"app":"tests-org","level":"info","message":"Yay! The startup script is executing. rnd string: EMdXdxYgKQ9n2BKK","timestamp":"2025-08-26T14:41:50.717Z"}
{"app":"tests-org","level":"info","message":"Executing startup script: sample-app-startup.js","timestamp":"2025-08-26T16:34:43.375Z"}
{"app":"tests-org","level":"info","message":"[CACHE SET] for script: sample-app-startup.js","timestamp":"2025-08-26T16:34:43.376Z"}
{"app":"tests-org","level":"info","message":"Yay! The startup script is executing. rnd string: ZepgbBrpwCGC15xD","timestamp":"2025-08-26T16:34:43.392Z"}
