{"app":"tests","level":"info","message":"Executing startup script: sample-app-startup.js","timestamp":"2025-08-24T07:06:39.668Z"}
{"app":"tests","level":"info","message":"[CACHE SET] for script: sample-app-startup.js","timestamp":"2025-08-24T07:06:39.669Z"}
{"app":"tests","level":"info","message":"Yay! The startup script is executing. rnd string: gRFhPSRzMa2e1JA7","timestamp":"2025-08-24T07:06:39.688Z"}
{"app":"tests-org","level":"info","message":"Executing startup script: sample-app-startup.js","timestamp":"2025-08-24T08:23:32.330Z"}
{"app":"tests-org","level":"info","message":"[CACHE SET] for script: sample-app-startup.js","timestamp":"2025-08-24T08:23:32.331Z"}
{"app":"tests-org","level":"info","message":"Yay! The startup script is executing. rnd string: 4h0TN5WNsh5ThicW","timestamp":"2025-08-24T08:23:32.350Z"}
{"app":"tests-org","level":"info","message":"Executing startup script: sample-app-startup.js","timestamp":"2025-08-24T08:29:26.948Z"}
{"app":"tests-org","level":"info","message":"[CACHE SET] for script: sample-app-startup.js","timestamp":"2025-08-24T08:29:26.949Z"}
{"app":"tests-org","level":"info","message":"Yay! The startup script is executing. rnd string: tk40gigOgeWnR1hE","timestamp":"2025-08-24T08:29:26.965Z"}
{"app":"tests-org","level":"info","message":"Executing startup script: sample-app-startup.js","timestamp":"2025-08-24T08:38:46.571Z"}
{"app":"tests-org","level":"info","message":"[CACHE SET] for script: sample-app-startup.js","timestamp":"2025-08-24T08:38:46.571Z"}
{"app":"tests-org","level":"info","message":"Yay! The startup script is executing. rnd string: ESwTbDgMcLr1eId3","timestamp":"2025-08-24T08:38:46.572Z"}
{"app":"tests-org","level":"info","message":"Executing startup script: sample-app-startup.js","timestamp":"2025-08-24T08:44:11.971Z"}
{"app":"tests-org","level":"info","message":"[CACHE SET] for script: sample-app-startup.js","timestamp":"2025-08-24T08:44:11.972Z"}
{"app":"tests-org","level":"info","message":"Yay! The startup script is executing. rnd string: Wzh4tVnfoxW8JZ6a","timestamp":"2025-08-24T08:44:11.972Z"}
{"app":"tests","level":"info","message":"Executing startup script: sample-app-startup.js","timestamp":"2025-08-24T08:46:31.413Z"}
{"app":"tests","level":"info","message":"[CACHE SET] for script: sample-app-startup.js","timestamp":"2025-08-24T08:46:31.414Z"}
{"app":"tests","level":"info","message":"Yay! The startup script is executing. rnd string: RMIc5pUHKSOHy2H9","timestamp":"2025-08-24T08:46:31.424Z"}
{"app":"tests","level":"info","message":"Response sent by: pdf.js","timestamp":"2025-08-24T08:46:35.098Z"}
{"app":"tests-org","level":"info","message":"Executing startup script: sample-app-startup.js","timestamp":"2025-08-24T08:58:36.470Z"}
{"app":"tests-org","level":"info","message":"[CACHE SET] for script: sample-app-startup.js","timestamp":"2025-08-24T08:58:36.471Z"}
{"app":"tests-org","level":"info","message":"Yay! The startup script is executing. rnd string: 98zbTwHBMwoKhG6Q","timestamp":"2025-08-24T08:58:36.486Z"}
{"app":"tests-org","level":"info","message":"Executing startup script: sample-app-startup.js","timestamp":"2025-08-24T09:06:02.632Z"}
{"app":"tests-org","level":"info","message":"[CACHE SET] for script: sample-app-startup.js","timestamp":"2025-08-24T09:06:02.633Z"}
{"app":"tests-org","level":"info","message":"Yay! The startup script is executing. rnd string: puOzMsErVTBIwxvf","timestamp":"2025-08-24T09:06:02.633Z"}
